[2024-12-07 15:26:52] => Generated at line [274] by [server.c] with the following message: Process started
[2024-12-07 15:26:52] => Generated at line [183] by [server.c] with the following message: Created and opened the shared memory
[2024-12-07 15:26:52] => Generated at line [330] by [server.c] with the following message: Initialized initial position to the drone
[2024-12-07 15:26:53] => Generated at line [268] by [drone.c] with the following message: Process started
[2024-12-07 15:26:53] => Generated at line [188] by [map_window.c] with the following message: Process started
[2024-12-07 15:26:53] => Generated at line [107] by [obstacle.c] with the following message: Process started
[2024-12-07 15:26:54] => Generated at line [105] by [target.c] with the following message: Process started
[2024-12-07 15:26:55] => Generated at line [200] by [keyboard_manager.c] with the following message: Process started
[2024-12-07 15:26:55] => Generated at line [195] by [watchdog.c] with the following message: Process started
[2024-12-07 15:26:55] => Generated at line [119] by [server.c] with the following message: Signal SIGUSR1 received from WATCHDOG
[2024-12-07 15:26:55] => Generated at line [53] by [watchdog.c] with the following message: Received the signal from the SERVER
[2024-12-07 15:26:56] => Generated at line [138] by [drone.c] with the following message: Signal SIGUSR1 received from WATCHDOG
[2024-12-07 15:26:56] => Generated at line [56] by [watchdog.c] with the following message: Received the signal from the DRONE
[2024-12-07 15:26:57] => Generated at line [66] by [obstacle.c] with the following message: Signal SIGUSR1 received from WATCHDOG
[2024-12-07 15:26:57] => Generated at line [59] by [watchdog.c] with the following message: Received the signal from the OBSTACLE
[2024-12-07 15:26:58] => Generated at line [43] by [target.c] with the following message: Signal SIGUSR1 received from WATCHDOG
[2024-12-07 15:26:58] => Generated at line [62] by [watchdog.c] with the following message: Received the signal from the TARGET
[2024-12-07 15:26:59] => Generated at line [66] by [obstacle.c] with the following message: Signal SIGUSR1 received from WATCHDOG
[2024-12-07 15:26:59] => Generated at line [119] by [server.c] with the following message: Signal SIGUSR1 received from WATCHDOG
[2024-12-07 15:26:59] => Generated at line [53] by [watchdog.c] with the following message: Received the signal from the SERVER
[2024-12-07 15:26:59] => Generated at line [43] by [target.c] with the following message: Signal SIGUSR1 received from WATCHDOG
[2024-12-07 15:26:59] => Generated at line [138] by [drone.c] with the following message: Signal SIGUSR1 received from WATCHDOG
[2024-12-07 15:26:59] => Generated at line [62] by [watchdog.c] with the following message: Received the signal from the TARGET
[2024-12-07 15:27:10] => Generated at line [159] by [watchdog.c] with the following message: The INPUT process [0] did not respond, or its last activity exceeded the timeout at 2024-12-07 15:27:10
[2024-12-07 15:27:10] => Generated at line [74] by [watchdog.c] with the following message: The keyboard manager has sent the termination signal, shutting down the drone and the server
[2024-12-07 15:27:10] => Generated at line [71] by [obstacle.c] with the following message: Shutting down by the WATCHDOG
[2024-12-07 15:27:10] => Generated at line [143] by [drone.c] with the following message: Shutting down by the WATCHDOG
[2024-12-07 15:27:10] => Generated at line [123] by [server.c] with the following message: Shutting down by the WATCHDOG
[2024-12-07 15:27:10] => Generated at line [48] by [target.c] with the following message: Shutting down by the WATCHDOG
[2024-12-07 15:27:38] => Generated at line [274] by [server.c] with the following message: Process started
[2024-12-07 15:27:38] => Generated at line [183] by [server.c] with the following message: Created and opened the shared memory
[2024-12-07 15:27:38] => Generated at line [330] by [server.c] with the following message: Initialized initial position to the drone
[2024-12-07 15:27:39] => Generated at line [188] by [map_window.c] with the following message: Process started
[2024-12-07 15:27:39] => Generated at line [268] by [drone.c] with the following message: Process started
[2024-12-07 15:27:39] => Generated at line [107] by [obstacle.c] with the following message: Process started
[2024-12-07 15:27:40] => Generated at line [105] by [target.c] with the following message: Process started
[2024-12-07 15:27:41] => Generated at line [200] by [keyboard_manager.c] with the following message: Process started
[2024-12-07 15:27:41] => Generated at line [195] by [watchdog.c] with the following message: Process started
[2024-12-07 15:27:41] => Generated at line [119] by [server.c] with the following message: Signal SIGUSR1 received from WATCHDOG
[2024-12-07 15:27:41] => Generated at line [53] by [watchdog.c] with the following message: Received the signal from the SERVER
[2024-12-07 15:27:42] => Generated at line [138] by [drone.c] with the following message: Signal SIGUSR1 received from WATCHDOG
[2024-12-07 15:27:42] => Generated at line [56] by [watchdog.c] with the following message: Received the signal from the DRONE
[2024-12-07 15:27:43] => Generated at line [66] by [obstacle.c] with the following message: Signal SIGUSR1 received from WATCHDOG
[2024-12-07 15:27:43] => Generated at line [59] by [watchdog.c] with the following message: Received the signal from the OBSTACLE
[2024-12-07 15:27:44] => Generated at line [43] by [target.c] with the following message: Signal SIGUSR1 received from WATCHDOG
[2024-12-07 15:27:44] => Generated at line [62] by [watchdog.c] with the following message: Received the signal from the TARGET
[2024-12-07 15:27:45] => Generated at line [125] by [keyboard_manager.c] with the following message: Signal SIGUSR1 received from WATCHDOG
[2024-12-07 15:27:45] => Generated at line [65] by [watchdog.c] with the following message: Received the signal from the INPUT
[2024-12-07 15:27:56] => Generated at line [119] by [server.c] with the following message: Signal SIGUSR1 received from WATCHDOG
[2024-12-07 15:27:56] => Generated at line [53] by [watchdog.c] with the following message: Received the signal from the SERVER
[2024-12-07 15:27:57] => Generated at line [138] by [drone.c] with the following message: Signal SIGUSR1 received from WATCHDOG
[2024-12-07 15:27:57] => Generated at line [56] by [watchdog.c] with the following message: Received the signal from the DRONE
[2024-12-07 15:27:57] => Generated at line [79] by [obstacle.c] with the following message: Generating new obstacles position
[2024-12-07 15:27:57] => Generated at line [57] by [target.c] with the following message: Generating new targets position
[2024-12-07 15:27:58] => Generated at line [66] by [obstacle.c] with the following message: Signal SIGUSR1 received from WATCHDOG
[2024-12-07 15:27:58] => Generated at line [59] by [watchdog.c] with the following message: Received the signal from the OBSTACLE
[2024-12-07 15:27:59] => Generated at line [43] by [target.c] with the following message: Signal SIGUSR1 received from WATCHDOG
[2024-12-07 15:27:59] => Generated at line [62] by [watchdog.c] with the following message: Received the signal from the TARGET
[2024-12-07 15:28:00] => Generated at line [125] by [keyboard_manager.c] with the following message: Signal SIGUSR1 received from WATCHDOG
[2024-12-07 15:28:00] => Generated at line [65] by [watchdog.c] with the following message: Received the signal from the INPUT
[2024-12-07 15:28:11] => Generated at line [119] by [server.c] with the following message: Signal SIGUSR1 received from WATCHDOG
[2024-12-07 15:28:11] => Generated at line [53] by [watchdog.c] with the following message: Received the signal from the SERVER
[2024-12-07 15:35:45] => Generated at line [286] by [server.c] with the following message: Process started
[2024-12-07 15:35:45] => Generated at line [195] by [server.c] with the following message: Created and opened the shared memory
[2024-12-07 15:35:45] => Generated at line [343] by [server.c] with the following message: Initialized initial position to the drone
[2024-12-07 15:35:46] => Generated at line [186] by [map_window.c] with the following message: Process started
[2024-12-07 15:35:46] => Generated at line [268] by [drone.c] with the following message: Process started
[2024-12-07 15:35:46] => Generated at line [107] by [obstacle.c] with the following message: Process started
[2024-12-07 15:35:47] => Generated at line [105] by [target.c] with the following message: Process started
[2024-12-07 15:35:48] => Generated at line [200] by [keyboard_manager.c] with the following message: Process started
[2024-12-07 15:35:48] => Generated at line [195] by [watchdog.c] with the following message: Process started
[2024-12-07 15:35:48] => Generated at line [131] by [server.c] with the following message: Signal SIGUSR1 received from WATCHDOG
[2024-12-07 15:35:48] => Generated at line [53] by [watchdog.c] with the following message: Received the signal from the SERVER
[2024-12-07 15:35:49] => Generated at line [138] by [drone.c] with the following message: Signal SIGUSR1 received from WATCHDOG
[2024-12-07 15:35:49] => Generated at line [56] by [watchdog.c] with the following message: Received the signal from the DRONE
[2024-12-07 15:35:50] => Generated at line [66] by [obstacle.c] with the following message: Signal SIGUSR1 received from WATCHDOG
[2024-12-07 15:35:50] => Generated at line [59] by [watchdog.c] with the following message: Received the signal from the OBSTACLE
[2024-12-07 15:35:51] => Generated at line [43] by [target.c] with the following message: Signal SIGUSR1 received from WATCHDOG
[2024-12-07 15:35:51] => Generated at line [62] by [watchdog.c] with the following message: Received the signal from the TARGET
[2024-12-07 15:35:52] => Generated at line [125] by [keyboard_manager.c] with the following message: Signal SIGUSR1 received from WATCHDOG
[2024-12-07 15:35:52] => Generated at line [65] by [watchdog.c] with the following message: Received the signal from the INPUT
[2024-12-07 15:36:03] => Generated at line [57] by [target.c] with the following message: Generating new targets position
[2024-12-07 15:36:03] => Generated at line [131] by [server.c] with the following message: Signal SIGUSR1 received from WATCHDOG
[2024-12-07 15:36:03] => Generated at line [79] by [obstacle.c] with the following message: Generating new obstacles position
[2024-12-07 15:36:03] => Generated at line [53] by [watchdog.c] with the following message: Received the signal from the SERVER
[2024-12-07 15:36:04] => Generated at line [138] by [drone.c] with the following message: Signal SIGUSR1 received from WATCHDOG
[2024-12-07 15:36:04] => Generated at line [56] by [watchdog.c] with the following message: Received the signal from the DRONE
[2024-12-07 15:36:05] => Generated at line [66] by [obstacle.c] with the following message: Signal SIGUSR1 received from WATCHDOG
[2024-12-07 15:36:05] => Generated at line [59] by [watchdog.c] with the following message: Received the signal from the OBSTACLE
[2024-12-07 15:36:06] => Generated at line [43] by [target.c] with the following message: Signal SIGUSR1 received from WATCHDOG
[2024-12-07 15:36:06] => Generated at line [62] by [watchdog.c] with the following message: Received the signal from the TARGET
[2024-12-07 15:36:07] => Generated at line [125] by [keyboard_manager.c] with the following message: Signal SIGUSR1 received from WATCHDOG
[2024-12-07 15:36:07] => Generated at line [65] by [watchdog.c] with the following message: Received the signal from the INPUT
[2024-12-07 15:36:18] => Generated at line [131] by [server.c] with the following message: Signal SIGUSR1 received from WATCHDOG
[2024-12-07 15:36:18] => Generated at line [79] by [obstacle.c] with the following message: Generating new obstacles position
[2024-12-07 15:36:18] => Generated at line [53] by [watchdog.c] with the following message: Received the signal from the SERVER
[2024-12-07 15:36:18] => Generated at line [57] by [target.c] with the following message: Generating new targets position
[2024-12-07 15:36:19] => Generated at line [138] by [drone.c] with the following message: Signal SIGUSR1 received from WATCHDOG
[2024-12-07 15:36:19] => Generated at line [56] by [watchdog.c] with the following message: Received the signal from the DRONE
[2024-12-07 15:36:20] => Generated at line [66] by [obstacle.c] with the following message: Signal SIGUSR1 received from WATCHDOG
[2024-12-07 15:36:20] => Generated at line [59] by [watchdog.c] with the following message: Received the signal from the OBSTACLE
[2024-12-07 15:36:21] => Generated at line [43] by [target.c] with the following message: Signal SIGUSR1 received from WATCHDOG
[2024-12-07 15:36:21] => Generated at line [62] by [watchdog.c] with the following message: Received the signal from the TARGET
[2024-12-07 15:36:22] => Generated at line [125] by [keyboard_manager.c] with the following message: Signal SIGUSR1 received from WATCHDOG
[2024-12-07 15:36:22] => Generated at line [65] by [watchdog.c] with the following message: Received the signal from the INPUT
[2024-12-07 15:36:33] => Generated at line [57] by [target.c] with the following message: Generating new targets position
[2024-12-07 15:36:33] => Generated at line [131] by [server.c] with the following message: Signal SIGUSR1 received from WATCHDOG
[2024-12-07 15:36:33] => Generated at line [53] by [watchdog.c] with the following message: Received the signal from the SERVER
[2024-12-07 15:36:33] => Generated at line [79] by [obstacle.c] with the following message: Generating new obstacles position
[2024-12-07 15:36:34] => Generated at line [138] by [drone.c] with the following message: Signal SIGUSR1 received from WATCHDOG
[2024-12-07 15:36:34] => Generated at line [56] by [watchdog.c] with the following message: Received the signal from the DRONE
[2024-12-07 15:36:35] => Generated at line [66] by [obstacle.c] with the following message: Signal SIGUSR1 received from WATCHDOG
[2024-12-07 15:36:35] => Generated at line [59] by [watchdog.c] with the following message: Received the signal from the OBSTACLE
[2024-12-07 15:36:36] => Generated at line [43] by [target.c] with the following message: Signal SIGUSR1 received from WATCHDOG
[2024-12-07 15:36:36] => Generated at line [62] by [watchdog.c] with the following message: Received the signal from the TARGET
[2024-12-07 15:36:37] => Generated at line [125] by [keyboard_manager.c] with the following message: Signal SIGUSR1 received from WATCHDOG
[2024-12-07 15:36:37] => Generated at line [65] by [watchdog.c] with the following message: Received the signal from the INPUT
[2024-12-07 15:36:48] => Generated at line [131] by [server.c] with the following message: Signal SIGUSR1 received from WATCHDOG
[2024-12-07 15:36:48] => Generated at line [53] by [watchdog.c] with the following message: Received the signal from the SERVER
[2024-12-07 15:36:48] => Generated at line [79] by [obstacle.c] with the following message: Generating new obstacles position
[2024-12-07 15:36:48] => Generated at line [57] by [target.c] with the following message: Generating new targets position
[2024-12-07 15:36:49] => Generated at line [138] by [drone.c] with the following message: Signal SIGUSR1 received from WATCHDOG
[2024-12-07 15:36:49] => Generated at line [56] by [watchdog.c] with the following message: Received the signal from the DRONE
[2024-12-07 15:36:50] => Generated at line [66] by [obstacle.c] with the following message: Signal SIGUSR1 received from WATCHDOG
[2024-12-07 15:36:50] => Generated at line [59] by [watchdog.c] with the following message: Received the signal from the OBSTACLE
[2024-12-07 15:36:51] => Generated at line [43] by [target.c] with the following message: Signal SIGUSR1 received from WATCHDOG
[2024-12-07 15:36:51] => Generated at line [62] by [watchdog.c] with the following message: Received the signal from the TARGET
[2024-12-07 15:36:52] => Generated at line [125] by [keyboard_manager.c] with the following message: Signal SIGUSR1 received from WATCHDOG
[2024-12-07 15:36:52] => Generated at line [65] by [watchdog.c] with the following message: Received the signal from the INPUT
[2024-12-07 15:37:03] => Generated at line [57] by [target.c] with the following message: Generating new targets position
[2024-12-07 15:37:03] => Generated at line [131] by [server.c] with the following message: Signal SIGUSR1 received from WATCHDOG
[2024-12-07 15:37:03] => Generated at line [53] by [watchdog.c] with the following message: Received the signal from the SERVER
[2024-12-07 15:37:03] => Generated at line [79] by [obstacle.c] with the following message: Generating new obstacles position
[2024-12-07 15:37:04] => Generated at line [138] by [drone.c] with the following message: Signal SIGUSR1 received from WATCHDOG
[2024-12-07 15:37:04] => Generated at line [56] by [watchdog.c] with the following message: Received the signal from the DRONE
[2024-12-07 15:37:05] => Generated at line [66] by [obstacle.c] with the following message: Signal SIGUSR1 received from WATCHDOG
[2024-12-07 15:37:05] => Generated at line [59] by [watchdog.c] with the following message: Received the signal from the OBSTACLE
[2024-12-07 15:37:06] => Generated at line [43] by [target.c] with the following message: Signal SIGUSR1 received from WATCHDOG
[2024-12-07 15:37:06] => Generated at line [62] by [watchdog.c] with the following message: Received the signal from the TARGET
[2024-12-07 15:37:07] => Generated at line [125] by [keyboard_manager.c] with the following message: Signal SIGUSR1 received from WATCHDOG
[2024-12-07 15:37:07] => Generated at line [65] by [watchdog.c] with the following message: Received the signal from the INPUT
[2024-12-07 15:37:13] => Generated at line [74] by [watchdog.c] with the following message: The keyboard manager has sent the termination signal, shutting down the drone and the server
[2024-12-07 15:37:13] => Generated at line [71] by [obstacle.c] with the following message: Shutting down by the WATCHDOG
[2024-12-07 15:37:13] => Generated at line [135] by [server.c] with the following message: Shutting down by the WATCHDOG
[2024-12-07 15:37:13] => Generated at line [48] by [target.c] with the following message: Shutting down by the WATCHDOG
[2024-12-07 15:37:13] => Generated at line [129] by [keyboard_manager.c] with the following message: Shutting down by the WATCHDOG
[2024-12-07 15:37:13] => Generated at line [143] by [drone.c] with the following message: Shutting down by the WATCHDOG
[2024-12-07 15:37:22] => Generated at line [285] by [server.c] with the following message: Process started
[2024-12-07 15:37:22] => Generated at line [194] by [server.c] with the following message: Created and opened the shared memory
[2024-12-07 15:37:22] => Generated at line [342] by [server.c] with the following message: Initialized initial position to the drone
[2024-12-07 15:37:23] => Generated at line [186] by [map_window.c] with the following message: Process started
[2024-12-07 15:37:23] => Generated at line [268] by [drone.c] with the following message: Process started
[2024-12-07 15:37:23] => Generated at line [107] by [obstacle.c] with the following message: Process started
[2024-12-07 15:37:24] => Generated at line [105] by [target.c] with the following message: Process started
[2024-12-07 15:37:25] => Generated at line [200] by [keyboard_manager.c] with the following message: Process started
[2024-12-07 15:37:25] => Generated at line [195] by [watchdog.c] with the following message: Process started
[2024-12-07 15:37:25] => Generated at line [130] by [server.c] with the following message: Signal SIGUSR1 received from WATCHDOG
[2024-12-07 15:37:25] => Generated at line [53] by [watchdog.c] with the following message: Received the signal from the SERVER
[2024-12-07 15:37:26] => Generated at line [138] by [drone.c] with the following message: Signal SIGUSR1 received from WATCHDOG
[2024-12-07 15:37:26] => Generated at line [56] by [watchdog.c] with the following message: Received the signal from the DRONE
[2024-12-07 15:37:27] => Generated at line [66] by [obstacle.c] with the following message: Signal SIGUSR1 received from WATCHDOG
[2024-12-07 15:37:27] => Generated at line [59] by [watchdog.c] with the following message: Received the signal from the OBSTACLE
[2024-12-07 15:37:28] => Generated at line [43] by [target.c] with the following message: Signal SIGUSR1 received from WATCHDOG
[2024-12-07 15:37:28] => Generated at line [62] by [watchdog.c] with the following message: Received the signal from the TARGET
[2024-12-07 15:37:29] => Generated at line [43] by [target.c] with the following message: Signal SIGUSR1 received from WATCHDOG
[2024-12-07 15:37:29] => Generated at line [66] by [obstacle.c] with the following message: Signal SIGUSR1 received from WATCHDOG
[2024-12-07 15:37:29] => Generated at line [130] by [server.c] with the following message: Signal SIGUSR1 received from WATCHDOG
[2024-12-07 15:37:29] => Generated at line [138] by [drone.c] with the following message: Signal SIGUSR1 received from WATCHDOG
[2024-12-07 15:37:29] => Generated at line [56] by [watchdog.c] with the following message: Received the signal from the DRONE
[2024-12-07 15:37:40] => Generated at line [159] by [watchdog.c] with the following message: The INPUT process [0] did not respond, or its last activity exceeded the timeout at 2024-12-07 15:37:40
[2024-12-07 15:37:40] => Generated at line [57] by [target.c] with the following message: Generating new targets position
[2024-12-07 15:37:40] => Generated at line [79] by [obstacle.c] with the following message: Generating new obstacles position
[2024-12-07 15:37:40] => Generated at line [134] by [server.c] with the following message: Shutting down by the WATCHDOG
[2024-12-07 15:37:40] => Generated at line [143] by [drone.c] with the following message: Shutting down by the WATCHDOG
[2024-12-07 15:37:40] => Generated at line [48] by [target.c] with the following message: Shutting down by the WATCHDOG
[2024-12-07 15:37:40] => Generated at line [74] by [watchdog.c] with the following message: The keyboard manager has sent the termination signal, shutting down the drone and the server
[2024-12-07 15:37:40] => Generated at line [71] by [obstacle.c] with the following message: Shutting down by the WATCHDOG
[2024-12-07 15:38:52] => Generated at line [285] by [server.c] with the following message: Process started
[2024-12-07 15:38:52] => Generated at line [194] by [server.c] with the following message: Created and opened the shared memory
[2024-12-07 15:38:52] => Generated at line [342] by [server.c] with the following message: Initialized initial position to the drone
[2024-12-07 15:38:53] => Generated at line [186] by [map_window.c] with the following message: Process started
[2024-12-07 15:38:53] => Generated at line [268] by [drone.c] with the following message: Process started
[2024-12-07 15:38:53] => Generated at line [107] by [obstacle.c] with the following message: Process started
[2024-12-07 15:38:54] => Generated at line [105] by [target.c] with the following message: Process started
[2024-12-07 15:38:55] => Generated at line [200] by [keyboard_manager.c] with the following message: Process started
[2024-12-07 15:38:56] => Generated at line [195] by [watchdog.c] with the following message: Process started
[2024-12-07 15:38:56] => Generated at line [130] by [server.c] with the following message: Signal SIGUSR1 received from WATCHDOG
[2024-12-07 15:38:56] => Generated at line [53] by [watchdog.c] with the following message: Received the signal from the SERVER
[2024-12-07 15:38:57] => Generated at line [138] by [drone.c] with the following message: Signal SIGUSR1 received from WATCHDOG
[2024-12-07 15:38:57] => Generated at line [56] by [watchdog.c] with the following message: Received the signal from the DRONE
[2024-12-07 15:38:58] => Generated at line [66] by [obstacle.c] with the following message: Signal SIGUSR1 received from WATCHDOG
[2024-12-07 15:38:58] => Generated at line [59] by [watchdog.c] with the following message: Received the signal from the OBSTACLE
[2024-12-07 15:38:59] => Generated at line [43] by [target.c] with the following message: Signal SIGUSR1 received from WATCHDOG
[2024-12-07 15:38:59] => Generated at line [62] by [watchdog.c] with the following message: Received the signal from the TARGET
[2024-12-07 15:39:00] => Generated at line [125] by [keyboard_manager.c] with the following message: Signal SIGUSR1 received from WATCHDOG
[2024-12-07 15:39:00] => Generated at line [65] by [watchdog.c] with the following message: Received the signal from the INPUT
[2024-12-07 15:39:11] => Generated at line [57] by [target.c] with the following message: Generating new targets position
[2024-12-07 15:39:11] => Generated at line [79] by [obstacle.c] with the following message: Generating new obstacles position
[2024-12-07 15:39:11] => Generated at line [130] by [server.c] with the following message: Signal SIGUSR1 received from WATCHDOG
[2024-12-07 15:39:11] => Generated at line [53] by [watchdog.c] with the following message: Received the signal from the SERVER
[2024-12-07 15:39:12] => Generated at line [138] by [drone.c] with the following message: Signal SIGUSR1 received from WATCHDOG
[2024-12-07 15:39:12] => Generated at line [56] by [watchdog.c] with the following message: Received the signal from the DRONE
[2024-12-07 15:39:13] => Generated at line [66] by [obstacle.c] with the following message: Signal SIGUSR1 received from WATCHDOG
[2024-12-07 15:39:13] => Generated at line [59] by [watchdog.c] with the following message: Received the signal from the OBSTACLE
[2024-12-07 15:39:14] => Generated at line [43] by [target.c] with the following message: Signal SIGUSR1 received from WATCHDOG
[2024-12-07 15:39:14] => Generated at line [62] by [watchdog.c] with the following message: Received the signal from the TARGET
[2024-12-07 15:39:15] => Generated at line [125] by [keyboard_manager.c] with the following message: Signal SIGUSR1 received from WATCHDOG
[2024-12-07 15:39:15] => Generated at line [65] by [watchdog.c] with the following message: Received the signal from the INPUT
[2024-12-07 15:39:26] => Generated at line [79] by [obstacle.c] with the following message: Generating new obstacles position
[2024-12-07 15:39:26] => Generated at line [57] by [target.c] with the following message: Generating new targets position
[2024-12-07 15:39:26] => Generated at line [130] by [server.c] with the following message: Signal SIGUSR1 received from WATCHDOG
[2024-12-07 15:39:26] => Generated at line [53] by [watchdog.c] with the following message: Received the signal from the SERVER
[2024-12-07 15:39:27] => Generated at line [138] by [drone.c] with the following message: Signal SIGUSR1 received from WATCHDOG
[2024-12-07 15:39:27] => Generated at line [56] by [watchdog.c] with the following message: Received the signal from the DRONE
[2024-12-07 15:39:28] => Generated at line [66] by [obstacle.c] with the following message: Signal SIGUSR1 received from WATCHDOG
[2024-12-07 15:39:28] => Generated at line [59] by [watchdog.c] with the following message: Received the signal from the OBSTACLE
[2024-12-07 15:39:29] => Generated at line [43] by [target.c] with the following message: Signal SIGUSR1 received from WATCHDOG
[2024-12-07 15:39:29] => Generated at line [62] by [watchdog.c] with the following message: Received the signal from the TARGET
[2024-12-07 15:39:30] => Generated at line [125] by [keyboard_manager.c] with the following message: Signal SIGUSR1 received from WATCHDOG
[2024-12-07 15:39:30] => Generated at line [65] by [watchdog.c] with the following message: Received the signal from the INPUT
[2024-12-07 15:39:41] => Generated at line [130] by [server.c] with the following message: Signal SIGUSR1 received from WATCHDOG
[2024-12-07 15:39:41] => Generated at line [53] by [watchdog.c] with the following message: Received the signal from the SERVER
[2024-12-07 15:39:41] => Generated at line [79] by [obstacle.c] with the following message: Generating new obstacles position
[2024-12-07 15:39:41] => Generated at line [57] by [target.c] with the following message: Generating new targets position
[2024-12-07 15:39:42] => Generated at line [138] by [drone.c] with the following message: Signal SIGUSR1 received from WATCHDOG
[2024-12-07 15:39:42] => Generated at line [56] by [watchdog.c] with the following message: Received the signal from the DRONE
[2024-12-07 15:39:43] => Generated at line [66] by [obstacle.c] with the following message: Signal SIGUSR1 received from WATCHDOG
[2024-12-07 15:39:43] => Generated at line [59] by [watchdog.c] with the following message: Received the signal from the OBSTACLE
[2024-12-07 15:39:44] => Generated at line [43] by [target.c] with the following message: Signal SIGUSR1 received from WATCHDOG
[2024-12-07 15:39:44] => Generated at line [62] by [watchdog.c] with the following message: Received the signal from the TARGET
[2024-12-07 15:39:45] => Generated at line [125] by [keyboard_manager.c] with the following message: Signal SIGUSR1 received from WATCHDOG
[2024-12-07 15:39:45] => Generated at line [65] by [watchdog.c] with the following message: Received the signal from the INPUT
[2024-12-07 15:39:46] => Generated at line [74] by [watchdog.c] with the following message: The keyboard manager has sent the termination signal, shutting down the drone and the server
[2024-12-07 15:39:46] => Generated at line [71] by [obstacle.c] with the following message: Shutting down by the WATCHDOG
[2024-12-07 15:39:46] => Generated at line [134] by [server.c] with the following message: Shutting down by the WATCHDOG
[2024-12-07 15:39:46] => Generated at line [143] by [drone.c] with the following message: Shutting down by the WATCHDOG
[2024-12-07 15:39:46] => Generated at line [129] by [keyboard_manager.c] with the following message: Shutting down by the WATCHDOG
[2024-12-07 15:39:46] => Generated at line [48] by [target.c] with the following message: Shutting down by the WATCHDOG
[2024-12-07 15:41:55] => Generated at line [285] by [server.c] with the following message: Process started
[2024-12-07 15:41:55] => Generated at line [194] by [server.c] with the following message: Created and opened the shared memory
[2024-12-07 15:41:55] => Generated at line [342] by [server.c] with the following message: Initialized initial position to the drone
[2024-12-07 15:41:56] => Generated at line [186] by [map_window.c] with the following message: Process started
[2024-12-07 15:41:56] => Generated at line [268] by [drone.c] with the following message: Process started
[2024-12-07 15:41:56] => Generated at line [107] by [obstacle.c] with the following message: Process started
[2024-12-07 15:41:57] => Generated at line [105] by [target.c] with the following message: Process started
[2024-12-07 15:41:58] => Generated at line [200] by [keyboard_manager.c] with the following message: Process started
[2024-12-07 15:41:58] => Generated at line [195] by [watchdog.c] with the following message: Process started
[2024-12-07 15:41:58] => Generated at line [130] by [server.c] with the following message: Signal SIGUSR1 received from WATCHDOG
[2024-12-07 15:41:58] => Generated at line [53] by [watchdog.c] with the following message: Received the signal from the SERVER
[2024-12-07 15:41:59] => Generated at line [138] by [drone.c] with the following message: Signal SIGUSR1 received from WATCHDOG
[2024-12-07 15:41:59] => Generated at line [56] by [watchdog.c] with the following message: Received the signal from the DRONE
[2024-12-07 15:42:00] => Generated at line [66] by [obstacle.c] with the following message: Signal SIGUSR1 received from WATCHDOG
[2024-12-07 15:42:00] => Generated at line [59] by [watchdog.c] with the following message: Received the signal from the OBSTACLE
[2024-12-07 15:42:01] => Generated at line [43] by [target.c] with the following message: Signal SIGUSR1 received from WATCHDOG
[2024-12-07 15:42:01] => Generated at line [62] by [watchdog.c] with the following message: Received the signal from the TARGET
[2024-12-07 15:42:02] => Generated at line [125] by [keyboard_manager.c] with the following message: Signal SIGUSR1 received from WATCHDOG
[2024-12-07 15:42:02] => Generated at line [65] by [watchdog.c] with the following message: Received the signal from the INPUT
[2024-12-07 15:42:13] => Generated at line [130] by [server.c] with the following message: Signal SIGUSR1 received from WATCHDOG
[2024-12-07 15:42:13] => Generated at line [53] by [watchdog.c] with the following message: Received the signal from the SERVER
[2024-12-07 15:42:13] => Generated at line [57] by [target.c] with the following message: Generating new targets position
[2024-12-07 15:42:13] => Generated at line [79] by [obstacle.c] with the following message: Generating new obstacles position
[2024-12-07 15:42:14] => Generated at line [138] by [drone.c] with the following message: Signal SIGUSR1 received from WATCHDOG
[2024-12-07 15:42:14] => Generated at line [56] by [watchdog.c] with the following message: Received the signal from the DRONE
[2024-12-07 15:42:15] => Generated at line [66] by [obstacle.c] with the following message: Signal SIGUSR1 received from WATCHDOG
[2024-12-07 15:42:15] => Generated at line [59] by [watchdog.c] with the following message: Received the signal from the OBSTACLE
[2024-12-07 15:42:16] => Generated at line [43] by [target.c] with the following message: Signal SIGUSR1 received from WATCHDOG
[2024-12-07 15:42:16] => Generated at line [62] by [watchdog.c] with the following message: Received the signal from the TARGET
[2024-12-07 15:42:17] => Generated at line [125] by [keyboard_manager.c] with the following message: Signal SIGUSR1 received from WATCHDOG
[2024-12-07 15:42:17] => Generated at line [65] by [watchdog.c] with the following message: Received the signal from the INPUT
[2024-12-07 15:42:24] => Generated at line [74] by [watchdog.c] with the following message: The keyboard manager has sent the termination signal, shutting down the drone and the server
[2024-12-07 15:42:24] => Generated at line [134] by [server.c] with the following message: Shutting down by the WATCHDOG
[2024-12-07 15:42:24] => Generated at line [129] by [keyboard_manager.c] with the following message: Shutting down by the WATCHDOG
[2024-12-07 15:42:24] => Generated at line [71] by [obstacle.c] with the following message: Shutting down by the WATCHDOG
[2024-12-07 15:42:24] => Generated at line [48] by [target.c] with the following message: Shutting down by the WATCHDOG
[2024-12-07 15:42:24] => Generated at line [143] by [drone.c] with the following message: Shutting down by the WATCHDOG
[2024-12-07 15:43:21] => Generated at line [285] by [server.c] with the following message: Process started
[2024-12-07 15:43:21] => Generated at line [194] by [server.c] with the following message: Created and opened the shared memory
[2024-12-07 15:43:21] => Generated at line [342] by [server.c] with the following message: Initialized initial position to the drone
[2024-12-07 15:43:21] => Generated at line [186] by [map_window.c] with the following message: Process started
[2024-12-07 15:43:21] => Generated at line [268] by [drone.c] with the following message: Process started
[2024-12-07 15:43:22] => Generated at line [107] by [obstacle.c] with the following message: Process started
[2024-12-07 15:43:22] => Generated at line [105] by [target.c] with the following message: Process started
[2024-12-07 15:43:23] => Generated at line [200] by [keyboard_manager.c] with the following message: Process started
[2024-12-07 15:43:24] => Generated at line [195] by [watchdog.c] with the following message: Process started
[2024-12-07 15:43:24] => Generated at line [130] by [server.c] with the following message: Signal SIGUSR1 received from WATCHDOG
[2024-12-07 15:43:24] => Generated at line [53] by [watchdog.c] with the following message: Received the signal from the SERVER
[2024-12-07 15:43:25] => Generated at line [138] by [drone.c] with the following message: Signal SIGUSR1 received from WATCHDOG
[2024-12-07 15:43:25] => Generated at line [56] by [watchdog.c] with the following message: Received the signal from the DRONE
[2024-12-07 15:43:26] => Generated at line [66] by [obstacle.c] with the following message: Signal SIGUSR1 received from WATCHDOG
[2024-12-07 15:43:26] => Generated at line [59] by [watchdog.c] with the following message: Received the signal from the OBSTACLE
[2024-12-07 15:43:27] => Generated at line [43] by [target.c] with the following message: Signal SIGUSR1 received from WATCHDOG
[2024-12-07 15:43:27] => Generated at line [62] by [watchdog.c] with the following message: Received the signal from the TARGET
[2024-12-07 15:43:28] => Generated at line [125] by [keyboard_manager.c] with the following message: Signal SIGUSR1 received from WATCHDOG
[2024-12-07 15:43:28] => Generated at line [65] by [watchdog.c] with the following message: Received the signal from the INPUT
[2024-12-07 15:43:39] => Generated at line [130] by [server.c] with the following message: Signal SIGUSR1 received from WATCHDOG
[2024-12-07 15:43:39] => Generated at line [57] by [target.c] with the following message: Generating new targets position
[2024-12-07 15:43:39] => Generated at line [53] by [watchdog.c] with the following message: Received the signal from the SERVER
[2024-12-07 15:43:39] => Generated at line [79] by [obstacle.c] with the following message: Generating new obstacles position
[2024-12-07 15:43:40] => Generated at line [138] by [drone.c] with the following message: Signal SIGUSR1 received from WATCHDOG
[2024-12-07 15:43:40] => Generated at line [56] by [watchdog.c] with the following message: Received the signal from the DRONE
[2024-12-07 15:43:41] => Generated at line [66] by [obstacle.c] with the following message: Signal SIGUSR1 received from WATCHDOG
[2024-12-07 15:43:41] => Generated at line [59] by [watchdog.c] with the following message: Received the signal from the OBSTACLE
[2024-12-07 15:43:42] => Generated at line [43] by [target.c] with the following message: Signal SIGUSR1 received from WATCHDOG
[2024-12-07 15:43:42] => Generated at line [62] by [watchdog.c] with the following message: Received the signal from the TARGET
[2024-12-07 15:43:43] => Generated at line [125] by [keyboard_manager.c] with the following message: Signal SIGUSR1 received from WATCHDOG
[2024-12-07 15:43:43] => Generated at line [65] by [watchdog.c] with the following message: Received the signal from the INPUT
[2024-12-07 15:43:54] => Generated at line [57] by [target.c] with the following message: Generating new targets position
[2024-12-07 15:43:54] => Generated at line [130] by [server.c] with the following message: Signal SIGUSR1 received from WATCHDOG
[2024-12-07 15:43:54] => Generated at line [53] by [watchdog.c] with the following message: Received the signal from the SERVER
[2024-12-07 15:43:54] => Generated at line [79] by [obstacle.c] with the following message: Generating new obstacles position
[2024-12-07 15:43:55] => Generated at line [138] by [drone.c] with the following message: Signal SIGUSR1 received from WATCHDOG
[2024-12-07 15:43:55] => Generated at line [56] by [watchdog.c] with the following message: Received the signal from the DRONE
[2024-12-07 15:43:56] => Generated at line [66] by [obstacle.c] with the following message: Signal SIGUSR1 received from WATCHDOG
[2024-12-07 15:43:56] => Generated at line [59] by [watchdog.c] with the following message: Received the signal from the OBSTACLE
[2024-12-07 15:43:57] => Generated at line [43] by [target.c] with the following message: Signal SIGUSR1 received from WATCHDOG
[2024-12-07 15:43:57] => Generated at line [62] by [watchdog.c] with the following message: Received the signal from the TARGET
[2024-12-07 15:43:58] => Generated at line [125] by [keyboard_manager.c] with the following message: Signal SIGUSR1 received from WATCHDOG
[2024-12-07 15:43:58] => Generated at line [65] by [watchdog.c] with the following message: Received the signal from the INPUT
[2024-12-07 15:44:09] => Generated at line [130] by [server.c] with the following message: Signal SIGUSR1 received from WATCHDOG
[2024-12-07 15:44:09] => Generated at line [53] by [watchdog.c] with the following message: Received the signal from the SERVER
[2024-12-07 15:44:09] => Generated at line [57] by [target.c] with the following message: Generating new targets position
[2024-12-07 15:44:09] => Generated at line [79] by [obstacle.c] with the following message: Generating new obstacles position
[2024-12-07 15:44:10] => Generated at line [138] by [drone.c] with the following message: Signal SIGUSR1 received from WATCHDOG
[2024-12-07 15:44:10] => Generated at line [56] by [watchdog.c] with the following message: Received the signal from the DRONE
[2024-12-07 15:44:11] => Generated at line [66] by [obstacle.c] with the following message: Signal SIGUSR1 received from WATCHDOG
[2024-12-07 15:44:11] => Generated at line [59] by [watchdog.c] with the following message: Received the signal from the OBSTACLE
[2024-12-07 15:44:12] => Generated at line [43] by [target.c] with the following message: Signal SIGUSR1 received from WATCHDOG
[2024-12-07 15:44:12] => Generated at line [62] by [watchdog.c] with the following message: Received the signal from the TARGET
[2024-12-07 15:44:13] => Generated at line [125] by [keyboard_manager.c] with the following message: Signal SIGUSR1 received from WATCHDOG
[2024-12-07 15:44:13] => Generated at line [65] by [watchdog.c] with the following message: Received the signal from the INPUT
[2024-12-07 15:44:24] => Generated at line [57] by [target.c] with the following message: Generating new targets position
[2024-12-07 15:44:24] => Generated at line [79] by [obstacle.c] with the following message: Generating new obstacles position
[2024-12-07 15:44:24] => Generated at line [130] by [server.c] with the following message: Signal SIGUSR1 received from WATCHDOG
[2024-12-07 15:44:24] => Generated at line [53] by [watchdog.c] with the following message: Received the signal from the SERVER
[2024-12-07 15:44:25] => Generated at line [138] by [drone.c] with the following message: Signal SIGUSR1 received from WATCHDOG
[2024-12-07 15:44:25] => Generated at line [56] by [watchdog.c] with the following message: Received the signal from the DRONE
[2024-12-07 15:44:26] => Generated at line [66] by [obstacle.c] with the following message: Signal SIGUSR1 received from WATCHDOG
[2024-12-07 15:44:26] => Generated at line [59] by [watchdog.c] with the following message: Received the signal from the OBSTACLE
[2024-12-07 15:44:27] => Generated at line [43] by [target.c] with the following message: Signal SIGUSR1 received from WATCHDOG
[2024-12-07 15:44:27] => Generated at line [62] by [watchdog.c] with the following message: Received the signal from the TARGET
[2024-12-07 15:44:28] => Generated at line [125] by [keyboard_manager.c] with the following message: Signal SIGUSR1 received from WATCHDOG
[2024-12-07 15:44:28] => Generated at line [65] by [watchdog.c] with the following message: Received the signal from the INPUT
[2024-12-07 15:44:39] => Generated at line [57] by [target.c] with the following message: Generating new targets position
[2024-12-07 15:44:39] => Generated at line [130] by [server.c] with the following message: Signal SIGUSR1 received from WATCHDOG
[2024-12-07 15:44:39] => Generated at line [79] by [obstacle.c] with the following message: Generating new obstacles position
[2024-12-07 15:44:39] => Generated at line [53] by [watchdog.c] with the following message: Received the signal from the SERVER
[2024-12-07 15:44:40] => Generated at line [138] by [drone.c] with the following message: Signal SIGUSR1 received from WATCHDOG
[2024-12-07 15:44:40] => Generated at line [56] by [watchdog.c] with the following message: Received the signal from the DRONE
[2024-12-07 15:44:41] => Generated at line [66] by [obstacle.c] with the following message: Signal SIGUSR1 received from WATCHDOG
[2024-12-07 15:44:41] => Generated at line [59] by [watchdog.c] with the following message: Received the signal from the OBSTACLE
[2024-12-07 15:44:42] => Generated at line [43] by [target.c] with the following message: Signal SIGUSR1 received from WATCHDOG
[2024-12-07 15:44:42] => Generated at line [62] by [watchdog.c] with the following message: Received the signal from the TARGET
[2024-12-07 15:44:43] => Generated at line [125] by [keyboard_manager.c] with the following message: Signal SIGUSR1 received from WATCHDOG
[2024-12-07 15:44:43] => Generated at line [65] by [watchdog.c] with the following message: Received the signal from the INPUT
[2024-12-07 15:44:54] => Generated at line [57] by [target.c] with the following message: Generating new targets position
[2024-12-07 15:44:54] => Generated at line [79] by [obstacle.c] with the following message: Generating new obstacles position
[2024-12-07 15:44:54] => Generated at line [130] by [server.c] with the following message: Signal SIGUSR1 received from WATCHDOG
[2024-12-07 15:44:54] => Generated at line [53] by [watchdog.c] with the following message: Received the signal from the SERVER
[2024-12-07 15:44:55] => Generated at line [138] by [drone.c] with the following message: Signal SIGUSR1 received from WATCHDOG
[2024-12-07 15:44:55] => Generated at line [56] by [watchdog.c] with the following message: Received the signal from the DRONE
[2024-12-07 15:44:56] => Generated at line [66] by [obstacle.c] with the following message: Signal SIGUSR1 received from WATCHDOG
[2024-12-07 15:44:56] => Generated at line [59] by [watchdog.c] with the following message: Received the signal from the OBSTACLE
[2024-12-07 15:44:57] => Generated at line [43] by [target.c] with the following message: Signal SIGUSR1 received from WATCHDOG
[2024-12-07 15:44:57] => Generated at line [62] by [watchdog.c] with the following message: Received the signal from the TARGET
[2024-12-07 15:44:58] => Generated at line [125] by [keyboard_manager.c] with the following message: Signal SIGUSR1 received from WATCHDOG
[2024-12-07 15:44:58] => Generated at line [65] by [watchdog.c] with the following message: Received the signal from the INPUT
[2024-12-07 15:45:09] => Generated at line [79] by [obstacle.c] with the following message: Generating new obstacles position
[2024-12-07 15:45:09] => Generated at line [57] by [target.c] with the following message: Generating new targets position
[2024-12-07 15:45:09] => Generated at line [130] by [server.c] with the following message: Signal SIGUSR1 received from WATCHDOG
[2024-12-07 15:45:09] => Generated at line [53] by [watchdog.c] with the following message: Received the signal from the SERVER
[2024-12-07 15:45:10] => Generated at line [138] by [drone.c] with the following message: Signal SIGUSR1 received from WATCHDOG
[2024-12-07 15:45:10] => Generated at line [56] by [watchdog.c] with the following message: Received the signal from the DRONE
[2024-12-07 15:45:11] => Generated at line [66] by [obstacle.c] with the following message: Signal SIGUSR1 received from WATCHDOG
[2024-12-07 15:45:11] => Generated at line [59] by [watchdog.c] with the following message: Received the signal from the OBSTACLE
[2024-12-07 15:45:12] => Generated at line [43] by [target.c] with the following message: Signal SIGUSR1 received from WATCHDOG
[2024-12-07 15:45:12] => Generated at line [62] by [watchdog.c] with the following message: Received the signal from the TARGET
[2024-12-07 15:45:13] => Generated at line [125] by [keyboard_manager.c] with the following message: Signal SIGUSR1 received from WATCHDOG
[2024-12-07 15:45:13] => Generated at line [65] by [watchdog.c] with the following message: Received the signal from the INPUT
[2024-12-07 15:45:24] => Generated at line [130] by [server.c] with the following message: Signal SIGUSR1 received from WATCHDOG
[2024-12-07 15:45:24] => Generated at line [53] by [watchdog.c] with the following message: Received the signal from the SERVER
[2024-12-07 15:45:24] => Generated at line [57] by [target.c] with the following message: Generating new targets position
[2024-12-07 15:45:24] => Generated at line [79] by [obstacle.c] with the following message: Generating new obstacles position
[2024-12-07 15:45:25] => Generated at line [138] by [drone.c] with the following message: Signal SIGUSR1 received from WATCHDOG
[2024-12-07 15:45:25] => Generated at line [56] by [watchdog.c] with the following message: Received the signal from the DRONE
[2024-12-07 15:45:26] => Generated at line [66] by [obstacle.c] with the following message: Signal SIGUSR1 received from WATCHDOG
[2024-12-07 15:45:26] => Generated at line [59] by [watchdog.c] with the following message: Received the signal from the OBSTACLE
[2024-12-07 15:45:27] => Generated at line [43] by [target.c] with the following message: Signal SIGUSR1 received from WATCHDOG
[2024-12-07 15:45:27] => Generated at line [62] by [watchdog.c] with the following message: Received the signal from the TARGET
[2024-12-07 15:45:28] => Generated at line [125] by [keyboard_manager.c] with the following message: Signal SIGUSR1 received from WATCHDOG
[2024-12-07 15:45:28] => Generated at line [65] by [watchdog.c] with the following message: Received the signal from the INPUT
[2024-12-07 15:45:28] => Generated at line [74] by [watchdog.c] with the following message: The keyboard manager has sent the termination signal, shutting down the drone and the server
[2024-12-07 15:45:28] => Generated at line [134] by [server.c] with the following message: Shutting down by the WATCHDOG
[2024-12-07 15:45:28] => Generated at line [143] by [drone.c] with the following message: Shutting down by the WATCHDOG
[2024-12-07 15:45:28] => Generated at line [71] by [obstacle.c] with the following message: Shutting down by the WATCHDOG
[2024-12-07 15:45:28] => Generated at line [48] by [target.c] with the following message: Shutting down by the WATCHDOG
[2024-12-07 15:45:28] => Generated at line [129] by [keyboard_manager.c] with the following message: Shutting down by the WATCHDOG
[2024-12-07 15:47:03] => Generated at line [286] by [server.c] with the following message: Process started
[2024-12-07 15:47:03] => Generated at line [195] by [server.c] with the following message: Created and opened the shared memory
[2024-12-07 15:47:03] => Generated at line [346] by [server.c] with the following message: Initialized initial position to the drone
[2024-12-07 15:47:03] => Generated at line [186] by [map_window.c] with the following message: Process started
[2024-12-07 15:47:03] => Generated at line [268] by [drone.c] with the following message: Process started
[2024-12-07 15:47:04] => Generated at line [107] by [obstacle.c] with the following message: Process started
[2024-12-07 15:47:04] => Generated at line [105] by [target.c] with the following message: Process started
[2024-12-07 15:47:05] => Generated at line [200] by [keyboard_manager.c] with the following message: Process started
[2024-12-07 15:47:06] => Generated at line [195] by [watchdog.c] with the following message: Process started
[2024-12-07 15:47:06] => Generated at line [131] by [server.c] with the following message: Signal SIGUSR1 received from WATCHDOG
[2024-12-07 15:47:06] => Generated at line [53] by [watchdog.c] with the following message: Received the signal from the SERVER
[2024-12-07 15:47:07] => Generated at line [138] by [drone.c] with the following message: Signal SIGUSR1 received from WATCHDOG
[2024-12-07 15:47:07] => Generated at line [56] by [watchdog.c] with the following message: Received the signal from the DRONE
[2024-12-07 15:47:08] => Generated at line [66] by [obstacle.c] with the following message: Signal SIGUSR1 received from WATCHDOG
[2024-12-07 15:47:08] => Generated at line [59] by [watchdog.c] with the following message: Received the signal from the OBSTACLE
[2024-12-07 15:47:09] => Generated at line [43] by [target.c] with the following message: Signal SIGUSR1 received from WATCHDOG
[2024-12-07 15:47:09] => Generated at line [62] by [watchdog.c] with the following message: Received the signal from the TARGET
[2024-12-07 15:47:10] => Generated at line [66] by [obstacle.c] with the following message: Signal SIGUSR1 received from WATCHDOG
[2024-12-07 15:47:10] => Generated at line [138] by [drone.c] with the following message: Signal SIGUSR1 received from WATCHDOG
[2024-12-07 15:47:10] => Generated at line [43] by [target.c] with the following message: Signal SIGUSR1 received from WATCHDOG
[2024-12-07 15:47:10] => Generated at line [62] by [watchdog.c] with the following message: Received the signal from the TARGET
[2024-12-07 15:47:10] => Generated at line [131] by [server.c] with the following message: Signal SIGUSR1 received from WATCHDOG
[2024-12-07 15:47:10] => Generated at line [53] by [watchdog.c] with the following message: Received the signal from the SERVER
[2024-12-07 15:47:21] => Generated at line [57] by [target.c] with the following message: Generating new targets position
[2024-12-07 15:47:21] => Generated at line [79] by [obstacle.c] with the following message: Generating new obstacles position
[2024-12-07 15:47:21] => Generated at line [159] by [watchdog.c] with the following message: The INPUT process [0] did not respond, or its last activity exceeded the timeout at 2024-12-07 15:47:21
[2024-12-07 15:47:21] => Generated at line [71] by [obstacle.c] with the following message: Shutting down by the WATCHDOG
[2024-12-07 15:47:21] => Generated at line [143] by [drone.c] with the following message: Shutting down by the WATCHDOG
[2024-12-07 15:47:21] => Generated at line [74] by [watchdog.c] with the following message: The keyboard manager has sent the termination signal, shutting down the drone and the server
[2024-12-07 15:47:21] => Generated at line [48] by [target.c] with the following message: Shutting down by the WATCHDOG
[2024-12-07 15:48:49] => Generated at line [286] by [server.c] with the following message: Process started
[2024-12-07 15:48:49] => Generated at line [195] by [server.c] with the following message: Created and opened the shared memory
[2024-12-07 15:48:49] => Generated at line [346] by [server.c] with the following message: Initialized initial position to the drone
[2024-12-07 15:48:49] => Generated at line [186] by [map_window.c] with the following message: Process started
[2024-12-07 15:48:49] => Generated at line [268] by [drone.c] with the following message: Process started
[2024-12-07 15:48:50] => Generated at line [107] by [obstacle.c] with the following message: Process started
[2024-12-07 15:48:50] => Generated at line [105] by [target.c] with the following message: Process started
[2024-12-07 15:48:51] => Generated at line [200] by [keyboard_manager.c] with the following message: Process started
[2024-12-07 15:48:52] => Generated at line [195] by [watchdog.c] with the following message: Process started
[2024-12-07 15:48:52] => Generated at line [131] by [server.c] with the following message: Signal SIGUSR1 received from WATCHDOG
[2024-12-07 15:48:52] => Generated at line [53] by [watchdog.c] with the following message: Received the signal from the SERVER
[2024-12-07 15:48:53] => Generated at line [138] by [drone.c] with the following message: Signal SIGUSR1 received from WATCHDOG
[2024-12-07 15:48:53] => Generated at line [56] by [watchdog.c] with the following message: Received the signal from the DRONE
[2024-12-07 15:48:54] => Generated at line [66] by [obstacle.c] with the following message: Signal SIGUSR1 received from WATCHDOG
[2024-12-07 15:48:54] => Generated at line [59] by [watchdog.c] with the following message: Received the signal from the OBSTACLE
[2024-12-07 15:48:55] => Generated at line [43] by [target.c] with the following message: Signal SIGUSR1 received from WATCHDOG
[2024-12-07 15:48:55] => Generated at line [62] by [watchdog.c] with the following message: Received the signal from the TARGET
[2024-12-07 15:48:56] => Generated at line [125] by [keyboard_manager.c] with the following message: Signal SIGUSR1 received from WATCHDOG
[2024-12-07 15:48:56] => Generated at line [65] by [watchdog.c] with the following message: Received the signal from the INPUT
[2024-12-07 15:49:07] => Generated at line [57] by [target.c] with the following message: Generating new targets position
[2024-12-07 15:49:07] => Generated at line [131] by [server.c] with the following message: Signal SIGUSR1 received from WATCHDOG
[2024-12-07 15:49:07] => Generated at line [53] by [watchdog.c] with the following message: Received the signal from the SERVER
[2024-12-07 15:49:07] => Generated at line [79] by [obstacle.c] with the following message: Generating new obstacles position
[2024-12-07 15:49:08] => Generated at line [138] by [drone.c] with the following message: Signal SIGUSR1 received from WATCHDOG
[2024-12-07 15:49:08] => Generated at line [56] by [watchdog.c] with the following message: Received the signal from the DRONE
[2024-12-07 15:49:09] => Generated at line [66] by [obstacle.c] with the following message: Signal SIGUSR1 received from WATCHDOG
[2024-12-07 15:49:09] => Generated at line [59] by [watchdog.c] with the following message: Received the signal from the OBSTACLE
[2024-12-07 15:49:10] => Generated at line [43] by [target.c] with the following message: Signal SIGUSR1 received from WATCHDOG
[2024-12-07 15:49:10] => Generated at line [62] by [watchdog.c] with the following message: Received the signal from the TARGET
[2024-12-07 15:49:11] => Generated at line [125] by [keyboard_manager.c] with the following message: Signal SIGUSR1 received from WATCHDOG
[2024-12-07 15:49:11] => Generated at line [65] by [watchdog.c] with the following message: Received the signal from the INPUT
[2024-12-07 15:49:16] => Generated at line [74] by [watchdog.c] with the following message: The keyboard manager has sent the termination signal, shutting down the drone and the server
[2024-12-07 15:49:16] => Generated at line [71] by [obstacle.c] with the following message: Shutting down by the WATCHDOG
[2024-12-07 15:49:16] => Generated at line [135] by [server.c] with the following message: Shutting down by the WATCHDOG
[2024-12-07 15:49:16] => Generated at line [143] by [drone.c] with the following message: Shutting down by the WATCHDOG
[2024-12-07 15:49:16] => Generated at line [48] by [target.c] with the following message: Shutting down by the WATCHDOG
[2024-12-07 15:49:16] => Generated at line [129] by [keyboard_manager.c] with the following message: Shutting down by the WATCHDOG
[2024-12-07 15:49:58] => Generated at line [286] by [server.c] with the following message: Process started
[2024-12-07 15:49:58] => Generated at line [195] by [server.c] with the following message: Created and opened the shared memory
[2024-12-07 15:49:58] => Generated at line [346] by [server.c] with the following message: Initialized initial position to the drone
[2024-12-07 15:49:59] => Generated at line [186] by [map_window.c] with the following message: Process started
[2024-12-07 15:49:59] => Generated at line [268] by [drone.c] with the following message: Process started
[2024-12-07 15:49:59] => Generated at line [107] by [obstacle.c] with the following message: Process started
[2024-12-07 15:50:00] => Generated at line [105] by [target.c] with the following message: Process started
[2024-12-07 15:50:01] => Generated at line [200] by [keyboard_manager.c] with the following message: Process started
[2024-12-07 15:50:01] => Generated at line [195] by [watchdog.c] with the following message: Process started
[2024-12-07 15:50:01] => Generated at line [131] by [server.c] with the following message: Signal SIGUSR1 received from WATCHDOG
[2024-12-07 15:50:01] => Generated at line [53] by [watchdog.c] with the following message: Received the signal from the SERVER
[2024-12-07 15:50:02] => Generated at line [138] by [drone.c] with the following message: Signal SIGUSR1 received from WATCHDOG
[2024-12-07 15:50:02] => Generated at line [56] by [watchdog.c] with the following message: Received the signal from the DRONE
[2024-12-07 15:50:03] => Generated at line [66] by [obstacle.c] with the following message: Signal SIGUSR1 received from WATCHDOG
[2024-12-07 15:50:03] => Generated at line [59] by [watchdog.c] with the following message: Received the signal from the OBSTACLE
[2024-12-07 15:50:04] => Generated at line [43] by [target.c] with the following message: Signal SIGUSR1 received from WATCHDOG
[2024-12-07 15:50:04] => Generated at line [62] by [watchdog.c] with the following message: Received the signal from the TARGET
[2024-12-07 15:50:05] => Generated at line [125] by [keyboard_manager.c] with the following message: Signal SIGUSR1 received from WATCHDOG
[2024-12-07 15:50:05] => Generated at line [65] by [watchdog.c] with the following message: Received the signal from the INPUT
[2024-12-07 15:50:16] => Generated at line [57] by [target.c] with the following message: Generating new targets position
[2024-12-07 15:50:16] => Generated at line [131] by [server.c] with the following message: Signal SIGUSR1 received from WATCHDOG
[2024-12-07 15:50:16] => Generated at line [53] by [watchdog.c] with the following message: Received the signal from the SERVER
[2024-12-07 15:50:16] => Generated at line [79] by [obstacle.c] with the following message: Generating new obstacles position
[2024-12-07 15:50:17] => Generated at line [138] by [drone.c] with the following message: Signal SIGUSR1 received from WATCHDOG
[2024-12-07 15:50:17] => Generated at line [56] by [watchdog.c] with the following message: Received the signal from the DRONE
[2024-12-07 15:50:18] => Generated at line [66] by [obstacle.c] with the following message: Signal SIGUSR1 received from WATCHDOG
[2024-12-07 15:50:18] => Generated at line [59] by [watchdog.c] with the following message: Received the signal from the OBSTACLE
[2024-12-07 15:50:19] => Generated at line [43] by [target.c] with the following message: Signal SIGUSR1 received from WATCHDOG
[2024-12-07 15:50:19] => Generated at line [62] by [watchdog.c] with the following message: Received the signal from the TARGET
[2024-12-07 15:50:20] => Generated at line [125] by [keyboard_manager.c] with the following message: Signal SIGUSR1 received from WATCHDOG
[2024-12-07 15:50:20] => Generated at line [65] by [watchdog.c] with the following message: Received the signal from the INPUT
[2024-12-07 15:50:31] => Generated at line [131] by [server.c] with the following message: Signal SIGUSR1 received from WATCHDOG
[2024-12-07 15:50:31] => Generated at line [53] by [watchdog.c] with the following message: Received the signal from the SERVER
[2024-12-07 15:50:31] => Generated at line [57] by [target.c] with the following message: Generating new targets position
[2024-12-07 15:50:31] => Generated at line [79] by [obstacle.c] with the following message: Generating new obstacles position
[2024-12-07 15:50:32] => Generated at line [138] by [drone.c] with the following message: Signal SIGUSR1 received from WATCHDOG
[2024-12-07 15:50:32] => Generated at line [56] by [watchdog.c] with the following message: Received the signal from the DRONE
[2024-12-07 15:50:33] => Generated at line [66] by [obstacle.c] with the following message: Signal SIGUSR1 received from WATCHDOG
[2024-12-07 15:50:33] => Generated at line [59] by [watchdog.c] with the following message: Received the signal from the OBSTACLE
[2024-12-07 15:50:34] => Generated at line [43] by [target.c] with the following message: Signal SIGUSR1 received from WATCHDOG
[2024-12-07 15:50:34] => Generated at line [62] by [watchdog.c] with the following message: Received the signal from the TARGET
[2024-12-07 15:50:35] => Generated at line [125] by [keyboard_manager.c] with the following message: Signal SIGUSR1 received from WATCHDOG
[2024-12-07 15:50:35] => Generated at line [65] by [watchdog.c] with the following message: Received the signal from the INPUT
[2024-12-07 15:50:46] => Generated at line [131] by [server.c] with the following message: Signal SIGUSR1 received from WATCHDOG
[2024-12-07 15:50:46] => Generated at line [79] by [obstacle.c] with the following message: Generating new obstacles position
[2024-12-07 15:50:46] => Generated at line [53] by [watchdog.c] with the following message: Received the signal from the SERVER
[2024-12-07 15:50:46] => Generated at line [57] by [target.c] with the following message: Generating new targets position
[2024-12-07 15:50:47] => Generated at line [138] by [drone.c] with the following message: Signal SIGUSR1 received from WATCHDOG
[2024-12-07 15:50:47] => Generated at line [56] by [watchdog.c] with the following message: Received the signal from the DRONE
[2024-12-07 15:50:48] => Generated at line [66] by [obstacle.c] with the following message: Signal SIGUSR1 received from WATCHDOG
[2024-12-07 15:50:48] => Generated at line [59] by [watchdog.c] with the following message: Received the signal from the OBSTACLE
[2024-12-07 15:50:49] => Generated at line [43] by [target.c] with the following message: Signal SIGUSR1 received from WATCHDOG
[2024-12-07 15:50:49] => Generated at line [62] by [watchdog.c] with the following message: Received the signal from the TARGET
[2024-12-07 15:50:50] => Generated at line [125] by [keyboard_manager.c] with the following message: Signal SIGUSR1 received from WATCHDOG
[2024-12-07 15:50:50] => Generated at line [65] by [watchdog.c] with the following message: Received the signal from the INPUT
[2024-12-07 15:51:01] => Generated at line [79] by [obstacle.c] with the following message: Generating new obstacles position
[2024-12-07 15:51:01] => Generated at line [131] by [server.c] with the following message: Signal SIGUSR1 received from WATCHDOG
[2024-12-07 15:51:01] => Generated at line [53] by [watchdog.c] with the following message: Received the signal from the SERVER
[2024-12-07 15:51:01] => Generated at line [57] by [target.c] with the following message: Generating new targets position
[2024-12-07 15:51:02] => Generated at line [138] by [drone.c] with the following message: Signal SIGUSR1 received from WATCHDOG
[2024-12-07 15:51:02] => Generated at line [56] by [watchdog.c] with the following message: Received the signal from the DRONE
[2024-12-07 15:51:03] => Generated at line [66] by [obstacle.c] with the following message: Signal SIGUSR1 received from WATCHDOG
[2024-12-07 15:51:03] => Generated at line [59] by [watchdog.c] with the following message: Received the signal from the OBSTACLE
[2024-12-07 15:51:04] => Generated at line [43] by [target.c] with the following message: Signal SIGUSR1 received from WATCHDOG
[2024-12-07 15:51:04] => Generated at line [62] by [watchdog.c] with the following message: Received the signal from the TARGET
[2024-12-07 15:51:05] => Generated at line [125] by [keyboard_manager.c] with the following message: Signal SIGUSR1 received from WATCHDOG
[2024-12-07 15:51:05] => Generated at line [65] by [watchdog.c] with the following message: Received the signal from the INPUT
[2024-12-07 15:51:16] => Generated at line [131] by [server.c] with the following message: Signal SIGUSR1 received from WATCHDOG
[2024-12-07 15:51:16] => Generated at line [79] by [obstacle.c] with the following message: Generating new obstacles position
[2024-12-07 15:51:16] => Generated at line [57] by [target.c] with the following message: Generating new targets position
[2024-12-07 15:51:16] => Generated at line [53] by [watchdog.c] with the following message: Received the signal from the SERVER
[2024-12-07 15:51:17] => Generated at line [138] by [drone.c] with the following message: Signal SIGUSR1 received from WATCHDOG
[2024-12-07 15:51:17] => Generated at line [56] by [watchdog.c] with the following message: Received the signal from the DRONE
[2024-12-07 15:51:18] => Generated at line [66] by [obstacle.c] with the following message: Signal SIGUSR1 received from WATCHDOG
[2024-12-07 15:51:18] => Generated at line [59] by [watchdog.c] with the following message: Received the signal from the OBSTACLE
[2024-12-07 15:51:19] => Generated at line [43] by [target.c] with the following message: Signal SIGUSR1 received from WATCHDOG
[2024-12-07 15:51:19] => Generated at line [62] by [watchdog.c] with the following message: Received the signal from the TARGET
[2024-12-07 15:51:20] => Generated at line [125] by [keyboard_manager.c] with the following message: Signal SIGUSR1 received from WATCHDOG
[2024-12-07 15:51:20] => Generated at line [65] by [watchdog.c] with the following message: Received the signal from the INPUT
[2024-12-07 15:51:31] => Generated at line [57] by [target.c] with the following message: Generating new targets position
[2024-12-07 15:51:31] => Generated at line [79] by [obstacle.c] with the following message: Generating new obstacles position
[2024-12-07 15:51:31] => Generated at line [131] by [server.c] with the following message: Signal SIGUSR1 received from WATCHDOG
[2024-12-07 15:51:31] => Generated at line [53] by [watchdog.c] with the following message: Received the signal from the SERVER
[2024-12-07 15:51:32] => Generated at line [138] by [drone.c] with the following message: Signal SIGUSR1 received from WATCHDOG
[2024-12-07 15:51:32] => Generated at line [56] by [watchdog.c] with the following message: Received the signal from the DRONE
[2024-12-07 15:51:33] => Generated at line [66] by [obstacle.c] with the following message: Signal SIGUSR1 received from WATCHDOG
[2024-12-07 15:51:33] => Generated at line [59] by [watchdog.c] with the following message: Received the signal from the OBSTACLE
[2024-12-07 15:51:34] => Generated at line [43] by [target.c] with the following message: Signal SIGUSR1 received from WATCHDOG
[2024-12-07 15:51:34] => Generated at line [62] by [watchdog.c] with the following message: Received the signal from the TARGET
[2024-12-07 15:51:35] => Generated at line [125] by [keyboard_manager.c] with the following message: Signal SIGUSR1 received from WATCHDOG
[2024-12-07 15:51:35] => Generated at line [65] by [watchdog.c] with the following message: Received the signal from the INPUT
[2024-12-07 15:51:46] => Generated at line [57] by [target.c] with the following message: Generating new targets position
[2024-12-07 15:51:46] => Generated at line [79] by [obstacle.c] with the following message: Generating new obstacles position
[2024-12-07 15:51:46] => Generated at line [131] by [server.c] with the following message: Signal SIGUSR1 received from WATCHDOG
[2024-12-07 15:51:46] => Generated at line [53] by [watchdog.c] with the following message: Received the signal from the SERVER
[2024-12-07 15:51:47] => Generated at line [138] by [drone.c] with the following message: Signal SIGUSR1 received from WATCHDOG
[2024-12-07 15:51:47] => Generated at line [56] by [watchdog.c] with the following message: Received the signal from the DRONE
[2024-12-07 15:51:48] => Generated at line [66] by [obstacle.c] with the following message: Signal SIGUSR1 received from WATCHDOG
[2024-12-07 15:51:48] => Generated at line [59] by [watchdog.c] with the following message: Received the signal from the OBSTACLE
[2024-12-07 15:51:49] => Generated at line [43] by [target.c] with the following message: Signal SIGUSR1 received from WATCHDOG
[2024-12-07 15:51:49] => Generated at line [62] by [watchdog.c] with the following message: Received the signal from the TARGET
[2024-12-07 15:51:50] => Generated at line [125] by [keyboard_manager.c] with the following message: Signal SIGUSR1 received from WATCHDOG
[2024-12-07 15:51:50] => Generated at line [65] by [watchdog.c] with the following message: Received the signal from the INPUT
[2024-12-07 15:52:01] => Generated at line [131] by [server.c] with the following message: Signal SIGUSR1 received from WATCHDOG
[2024-12-07 15:52:01] => Generated at line [53] by [watchdog.c] with the following message: Received the signal from the SERVER
[2024-12-07 15:52:01] => Generated at line [57] by [target.c] with the following message: Generating new targets position
[2024-12-07 15:52:01] => Generated at line [79] by [obstacle.c] with the following message: Generating new obstacles position
[2024-12-07 15:52:02] => Generated at line [138] by [drone.c] with the following message: Signal SIGUSR1 received from WATCHDOG
[2024-12-07 15:52:02] => Generated at line [56] by [watchdog.c] with the following message: Received the signal from the DRONE
[2024-12-07 15:52:03] => Generated at line [66] by [obstacle.c] with the following message: Signal SIGUSR1 received from WATCHDOG
[2024-12-07 15:52:03] => Generated at line [59] by [watchdog.c] with the following message: Received the signal from the OBSTACLE
[2024-12-07 15:52:04] => Generated at line [43] by [target.c] with the following message: Signal SIGUSR1 received from WATCHDOG
[2024-12-07 15:52:04] => Generated at line [62] by [watchdog.c] with the following message: Received the signal from the TARGET
[2024-12-07 15:52:05] => Generated at line [125] by [keyboard_manager.c] with the following message: Signal SIGUSR1 received from WATCHDOG
[2024-12-07 15:52:05] => Generated at line [65] by [watchdog.c] with the following message: Received the signal from the INPUT
[2024-12-07 15:52:10] => Generated at line [74] by [watchdog.c] with the following message: The keyboard manager has sent the termination signal, shutting down the drone and the server
[2024-12-07 15:52:10] => Generated at line [135] by [server.c] with the following message: Shutting down by the WATCHDOG
[2024-12-07 15:52:10] => Generated at line [143] by [drone.c] with the following message: Shutting down by the WATCHDOG
[2024-12-07 15:52:10] => Generated at line [48] by [target.c] with the following message: Shutting down by the WATCHDOG
[2024-12-07 15:52:10] => Generated at line [129] by [keyboard_manager.c] with the following message: Shutting down by the WATCHDOG
[2024-12-07 15:52:10] => Generated at line [71] by [obstacle.c] with the following message: Shutting down by the WATCHDOG
[2024-12-07 15:53:00] => Generated at line [287] by [server.c] with the following message: Process started
[2024-12-07 15:53:00] => Generated at line [196] by [server.c] with the following message: Created and opened the shared memory
[2024-12-07 15:53:00] => Generated at line [347] by [server.c] with the following message: Initialized initial position to the drone
[2024-12-07 15:53:00] => Generated at line [268] by [drone.c] with the following message: Process started
[2024-12-07 15:53:00] => Generated at line [186] by [map_window.c] with the following message: Process started
[2024-12-07 15:53:01] => Generated at line [107] by [obstacle.c] with the following message: Process started
[2024-12-07 15:53:01] => Generated at line [105] by [target.c] with the following message: Process started
[2024-12-07 15:53:02] => Generated at line [200] by [keyboard_manager.c] with the following message: Process started
[2024-12-07 15:53:03] => Generated at line [195] by [watchdog.c] with the following message: Process started
[2024-12-07 15:53:03] => Generated at line [132] by [server.c] with the following message: Signal SIGUSR1 received from WATCHDOG
[2024-12-07 15:53:03] => Generated at line [53] by [watchdog.c] with the following message: Received the signal from the SERVER
[2024-12-07 15:53:04] => Generated at line [138] by [drone.c] with the following message: Signal SIGUSR1 received from WATCHDOG
[2024-12-07 15:53:04] => Generated at line [56] by [watchdog.c] with the following message: Received the signal from the DRONE
[2024-12-07 15:53:05] => Generated at line [66] by [obstacle.c] with the following message: Signal SIGUSR1 received from WATCHDOG
[2024-12-07 15:53:05] => Generated at line [59] by [watchdog.c] with the following message: Received the signal from the OBSTACLE
[2024-12-07 15:53:06] => Generated at line [43] by [target.c] with the following message: Signal SIGUSR1 received from WATCHDOG
[2024-12-07 15:53:06] => Generated at line [62] by [watchdog.c] with the following message: Received the signal from the TARGET
[2024-12-07 15:53:07] => Generated at line [138] by [drone.c] with the following message: Signal SIGUSR1 received from WATCHDOG
[2024-12-07 15:53:07] => Generated at line [56] by [watchdog.c] with the following message: Received the signal from the DRONE
[2024-12-07 15:53:07] => Generated at line [43] by [target.c] with the following message: Signal SIGUSR1 received from WATCHDOG
[2024-12-07 15:53:07] => Generated at line [62] by [watchdog.c] with the following message: Received the signal from the TARGET
[2024-12-07 15:53:07] => Generated at line [132] by [server.c] with the following message: Signal SIGUSR1 received from WATCHDOG
[2024-12-07 15:53:07] => Generated at line [66] by [obstacle.c] with the following message: Signal SIGUSR1 received from WATCHDOG
[2024-12-07 15:53:07] => Generated at line [53] by [watchdog.c] with the following message: Received the signal from the SERVER
[2024-12-07 15:53:18] => Generated at line [159] by [watchdog.c] with the following message: The INPUT process [0] did not respond, or its last activity exceeded the timeout at 2024-12-07 15:53:18
[2024-12-07 15:53:18] => Generated at line [57] by [target.c] with the following message: Generating new targets position
[2024-12-07 15:53:18] => Generated at line [79] by [obstacle.c] with the following message: Generating new obstacles position
[2024-12-07 15:53:18] => Generated at line [136] by [server.c] with the following message: Shutting down by the WATCHDOG
[2024-12-07 15:53:18] => Generated at line [71] by [obstacle.c] with the following message: Shutting down by the WATCHDOG
[2024-12-07 15:53:18] => Generated at line [74] by [watchdog.c] with the following message: The keyboard manager has sent the termination signal, shutting down the drone and the server
[2024-12-07 15:53:18] => Generated at line [48] by [target.c] with the following message: Shutting down by the WATCHDOG
[2024-12-07 15:53:18] => Generated at line [143] by [drone.c] with the following message: Shutting down by the WATCHDOG
[2024-12-07 15:53:28] => Generated at line [287] by [server.c] with the following message: Process started
[2024-12-07 15:53:28] => Generated at line [196] by [server.c] with the following message: Created and opened the shared memory
[2024-12-07 15:53:28] => Generated at line [347] by [server.c] with the following message: Initialized initial position to the drone
[2024-12-07 15:53:29] => Generated at line [268] by [drone.c] with the following message: Process started
[2024-12-07 15:53:29] => Generated at line [186] by [map_window.c] with the following message: Process started
[2024-12-07 15:53:29] => Generated at line [107] by [obstacle.c] with the following message: Process started
[2024-12-07 15:53:30] => Generated at line [105] by [target.c] with the following message: Process started
[2024-12-07 15:53:31] => Generated at line [200] by [keyboard_manager.c] with the following message: Process started
[2024-12-07 15:53:31] => Generated at line [195] by [watchdog.c] with the following message: Process started
[2024-12-07 15:53:31] => Generated at line [132] by [server.c] with the following message: Signal SIGUSR1 received from WATCHDOG
[2024-12-07 15:53:31] => Generated at line [53] by [watchdog.c] with the following message: Received the signal from the SERVER
[2024-12-07 15:53:32] => Generated at line [138] by [drone.c] with the following message: Signal SIGUSR1 received from WATCHDOG
[2024-12-07 15:53:32] => Generated at line [56] by [watchdog.c] with the following message: Received the signal from the DRONE
[2024-12-07 15:53:33] => Generated at line [66] by [obstacle.c] with the following message: Signal SIGUSR1 received from WATCHDOG
[2024-12-07 15:53:33] => Generated at line [59] by [watchdog.c] with the following message: Received the signal from the OBSTACLE
[2024-12-07 15:53:34] => Generated at line [43] by [target.c] with the following message: Signal SIGUSR1 received from WATCHDOG
[2024-12-07 15:53:34] => Generated at line [62] by [watchdog.c] with the following message: Received the signal from the TARGET
[2024-12-07 15:53:35] => Generated at line [125] by [keyboard_manager.c] with the following message: Signal SIGUSR1 received from WATCHDOG
[2024-12-07 15:53:35] => Generated at line [65] by [watchdog.c] with the following message: Received the signal from the INPUT
[2024-12-07 15:53:46] => Generated at line [79] by [obstacle.c] with the following message: Generating new obstacles position
[2024-12-07 15:53:46] => Generated at line [57] by [target.c] with the following message: Generating new targets position
[2024-12-07 15:53:46] => Generated at line [132] by [server.c] with the following message: Signal SIGUSR1 received from WATCHDOG
[2024-12-07 15:53:46] => Generated at line [53] by [watchdog.c] with the following message: Received the signal from the SERVER
[2024-12-07 15:53:47] => Generated at line [138] by [drone.c] with the following message: Signal SIGUSR1 received from WATCHDOG
[2024-12-07 15:53:47] => Generated at line [56] by [watchdog.c] with the following message: Received the signal from the DRONE
[2024-12-07 15:53:48] => Generated at line [66] by [obstacle.c] with the following message: Signal SIGUSR1 received from WATCHDOG
[2024-12-07 15:53:48] => Generated at line [59] by [watchdog.c] with the following message: Received the signal from the OBSTACLE
[2024-12-07 15:53:49] => Generated at line [43] by [target.c] with the following message: Signal SIGUSR1 received from WATCHDOG
[2024-12-07 15:53:49] => Generated at line [62] by [watchdog.c] with the following message: Received the signal from the TARGET
[2024-12-07 15:53:50] => Generated at line [125] by [keyboard_manager.c] with the following message: Signal SIGUSR1 received from WATCHDOG
[2024-12-07 15:53:50] => Generated at line [65] by [watchdog.c] with the following message: Received the signal from the INPUT
[2024-12-07 15:53:56] => Generated at line [74] by [watchdog.c] with the following message: The keyboard manager has sent the termination signal, shutting down the drone and the server
[2024-12-07 15:53:56] => Generated at line [48] by [target.c] with the following message: Shutting down by the WATCHDOG
[2024-12-07 15:53:56] => Generated at line [136] by [server.c] with the following message: Shutting down by the WATCHDOG
[2024-12-07 15:53:56] => Generated at line [143] by [drone.c] with the following message: Shutting down by the WATCHDOG
[2024-12-07 15:53:56] => Generated at line [71] by [obstacle.c] with the following message: Shutting down by the WATCHDOG
[2024-12-07 15:53:56] => Generated at line [129] by [keyboard_manager.c] with the following message: Shutting down by the WATCHDOG
