[2024-12-07 15:43:24] => Generated at line [96] by [server.c] with the following message: 102,6,-1,o|22,8,-1,o|86,19,-1,o|61,13,-1,o|60,23,-1,o|43,14,-1,o|71,7,-1,o|36,6,-1,o|75,30,-1,o|83,8,-1,o|90,2,-1,o|96,29,-1,o|53,3,-1,o|
[2024-12-07 15:43:24] => Generated at line [106] by [server.c] with the following message: 102,6,1,t|22,8,1,t|86,19,1,t|61,13,1,t|60,23,1,t|43,14,1,t|71,7,1,t|36,6,1,t|75,30,1,t|83,8,1,t|90,2,1,t|96,29,1,t|53,3,1,t|
[2024-12-07 15:43:24] => Generated at line [232] by [drone.c] with the following message: 102,6,-1,o|22,8,-1,o|86,19,-1,o|61,13,-1,o|60,23,-1,o|43,14,-1,o|71,7,-1,o|36,6,-1,o|75,30,-1,o|83,8,-1,o|90,2,-1,o|96,29,-1,o|53,3,-1,o|
[2024-12-07 15:43:24] => Generated at line [240] by [drone.c] with the following message: 102,6,1,t|22,8,1,t|86,19,1,t|61,13,1,t|60,23,1,t|43,14,1,t|71,7,1,t|36,6,1,t|75,30,1,t|83,8,1,t|90,2,1,t|96,29,1,t|53,3,1,t|
[2024-12-07 15:43:39] => Generated at line [106] by [server.c] with the following message: 103,20,1,t|22,31,1,t|90,23,1,t|77,14,1,t|76,23,1,t|84,5,1,t|38,18,1,t|92,31,1,t|64,17,1,t|73,27,1,t|103,2,1,t|70,25,1,t|98,3,1,t|
[2024-12-07 15:43:39] => Generated at line [96] by [server.c] with the following message: 103,20,-1,o|22,31,-1,o|90,23,-1,o|77,14,-1,o|76,23,-1,o|84,5,-1,o|38,18,-1,o|92,31,-1,o|64,17,-1,o|73,27,-1,o|103,2,-1,o|70,25,-1,o|98,3,-1,o|
[2024-12-07 15:43:39] => Generated at line [232] by [drone.c] with the following message: 103,20,-1,o|22,31,-1,o|90,23,-1,o|77,14,-1,o|76,23,-1,o|84,5,-1,o|38,18,-1,o|92,31,-1,o|64,17,-1,o|73,27,-1,o|103,2,-1,o|70,25,-1,o|98,3,-1,o|
[2024-12-07 15:43:39] => Generated at line [240] by [drone.c] with the following message: 103,20,1,t|22,31,1,t|90,23,1,t|77,14,1,t|76,23,1,t|84,5,1,t|38,18,1,t|92,31,1,t|64,17,1,t|73,27,1,t|103,2,1,t|70,25,1,t|98,3,1,t|
[2024-12-07 15:43:54] => Generated at line [106] by [server.c] with the following message: 8,21,1,t|31,22,1,t|79,1,1,t|55,2,1,t|26,22,1,t|75,5,1,t|1,19,1,t|9,3,1,t|32,26,1,t|47,13,1,t|51,16,1,t|105,27,1,t|61,16,1,t|
[2024-12-07 15:43:54] => Generated at line [240] by [drone.c] with the following message: 8,21,1,t|31,22,1,t|79,1,1,t|55,2,1,t|26,22,1,t|75,5,1,t|1,19,1,t|9,3,1,t|32,26,1,t|47,13,1,t|51,16,1,t|105,27,1,t|61,16,1,t|
[2024-12-07 15:43:54] => Generated at line [96] by [server.c] with the following message: 8,21,-1,o|31,22,-1,o|79,1,-1,o|55,2,-1,o|26,22,-1,o|75,5,-1,o|1,19,-1,o|9,3,-1,o|32,26,-1,o|47,13,-1,o|51,16,-1,o|105,27,-1,o|61,16,-1,o|
[2024-12-07 15:43:54] => Generated at line [232] by [drone.c] with the following message: 8,21,-1,o|31,22,-1,o|79,1,-1,o|55,2,-1,o|26,22,-1,o|75,5,-1,o|1,19,-1,o|9,3,-1,o|32,26,-1,o|47,13,-1,o|51,16,-1,o|105,27,-1,o|61,16,-1,o|
[2024-12-07 15:44:09] => Generated at line [106] by [server.c] with the following message: 90,1,1,t|32,31,1,t|77,1,1,t|93,1,1,t|24,10,1,t|91,29,1,t|91,1,1,t|41,2,1,t|38,19,1,t|93,28,1,t|51,8,1,t|18,5,1,t|67,12,1,t|
[2024-12-07 15:44:09] => Generated at line [96] by [server.c] with the following message: 90,1,-1,o|32,31,-1,o|77,1,-1,o|93,1,-1,o|24,10,-1,o|91,29,-1,o|91,1,-1,o|41,2,-1,o|38,19,-1,o|93,28,-1,o|51,8,-1,o|18,5,-1,o|67,12,-1,o|
[2024-12-07 15:44:09] => Generated at line [240] by [drone.c] with the following message: 90,1,1,t|32,31,1,t|77,1,1,t|93,1,1,t|24,10,1,t|91,29,1,t|91,1,1,t|41,2,1,t|38,19,1,t|93,28,1,t|51,8,1,t|18,5,1,t|67,12,1,t|
[2024-12-07 15:44:09] => Generated at line [232] by [drone.c] with the following message: 90,1,-1,o|32,31,-1,o|77,1,-1,o|93,1,-1,o|24,10,-1,o|91,29,-1,o|91,1,-1,o|41,2,-1,o|38,19,-1,o|93,28,-1,o|51,8,-1,o|18,5,-1,o|67,12,-1,o|
[2024-12-07 15:44:24] => Generated at line [96] by [server.c] with the following message: 58,16,-1,o|12,27,-1,o|50,28,-1,o|37,3,-1,o|34,27,-1,o|77,14,-1,o|72,20,-1,o|43,28,-1,o|103,30,-1,o|98,1,-1,o|44,29,-1,o|4,16,-1,o|2,3,-1,o|
[2024-12-07 15:44:24] => Generated at line [106] by [server.c] with the following message: 58,16,1,t|12,27,1,t|50,28,1,t|37,3,1,t|34,27,1,t|77,14,1,t|72,20,1,t|43,28,1,t|103,30,1,t|98,1,1,t|44,29,1,t|4,16,1,t|2,3,1,t|
[2024-12-07 15:44:24] => Generated at line [232] by [drone.c] with the following message: 58,16,-1,o|12,27,-1,o|50,28,-1,o|37,3,-1,o|34,27,-1,o|77,14,-1,o|72,20,-1,o|43,28,-1,o|103,30,-1,o|98,1,-1,o|44,29,-1,o|4,16,-1,o|2,3,-1,o|
[2024-12-07 15:44:24] => Generated at line [240] by [drone.c] with the following message: 58,16,1,t|12,27,1,t|50,28,1,t|37,3,1,t|34,27,1,t|77,14,1,t|72,20,1,t|43,28,1,t|103,30,1,t|98,1,1,t|44,29,1,t|4,16,1,t|2,3,1,t|
[2024-12-07 15:44:39] => Generated at line [106] by [server.c] with the following message: 6,9,1,t|2,8,1,t|45,25,1,t|21,22,1,t|104,19,1,t|9,13,1,t|3,13,1,t|104,20,1,t|93,2,1,t|73,16,1,t|51,23,1,t|15,20,1,t|33,9,1,t|
[2024-12-07 15:44:39] => Generated at line [240] by [drone.c] with the following message: 6,9,1,t|2,8,1,t|45,25,1,t|21,22,1,t|104,19,1,t|9,13,1,t|3,13,1,t|104,20,1,t|93,2,1,t|73,16,1,t|51,23,1,t|15,20,1,t|33,9,1,t|
[2024-12-07 15:44:39] => Generated at line [96] by [server.c] with the following message: 6,9,-1,o|2,8,-1,o|45,25,-1,o|21,22,-1,o|104,19,-1,o|9,13,-1,o|3,13,-1,o|104,20,-1,o|93,2,-1,o|73,16,-1,o|51,23,-1,o|15,20,-1,o|33,9,-1,o|
[2024-12-07 15:44:39] => Generated at line [232] by [drone.c] with the following message: 6,9,-1,o|2,8,-1,o|45,25,-1,o|21,22,-1,o|104,19,-1,o|9,13,-1,o|3,13,-1,o|104,20,-1,o|93,2,-1,o|73,16,-1,o|51,23,-1,o|15,20,-1,o|33,9,-1,o|
[2024-12-07 15:44:54] => Generated at line [96] by [server.c] with the following message: 29,4,-1,o|46,6,-1,o|48,15,-1,o|7,11,-1,o|48,30,-1,o|34,10,-1,o|1,19,-1,o|65,4,-1,o|22,15,-1,o|82,4,-1,o|72,8,-1,o|88,9,-1,o|55,30,-1,o|
[2024-12-07 15:44:54] => Generated at line [106] by [server.c] with the following message: 29,4,1,t|46,6,1,t|48,15,1,t|7,11,1,t|48,30,1,t|34,10,1,t|1,19,1,t|65,4,1,t|22,15,1,t|82,4,1,t|72,8,1,t|88,9,1,t|55,30,1,t|
[2024-12-07 15:44:54] => Generated at line [232] by [drone.c] with the following message: 29,4,-1,o|46,6,-1,o|48,15,-1,o|7,11,-1,o|48,30,-1,o|34,10,-1,o|1,19,-1,o|65,4,-1,o|22,15,-1,o|82,4,-1,o|72,8,-1,o|88,9,-1,o|55,30,-1,o|
[2024-12-07 15:44:54] => Generated at line [240] by [drone.c] with the following message: 29,4,1,t|46,6,1,t|48,15,1,t|7,11,1,t|48,30,1,t|34,10,1,t|1,19,1,t|65,4,1,t|22,15,1,t|82,4,1,t|72,8,1,t|88,9,1,t|55,30,1,t|
[2024-12-07 15:45:09] => Generated at line [96] by [server.c] with the following message: 34,1,-1,o|32,16,-1,o|53,2,-1,o|59,3,-1,o|16,25,-1,o|74,18,-1,o|7,3,-1,o|72,6,-1,o|41,3,-1,o|103,6,-1,o|38,22,-1,o|24,19,-1,o|69,19,-1,o|
[2024-12-07 15:45:09] => Generated at line [106] by [server.c] with the following message: 34,1,1,t|32,16,1,t|53,2,1,t|59,3,1,t|16,25,1,t|74,18,1,t|7,3,1,t|72,6,1,t|41,3,1,t|103,6,1,t|38,22,1,t|24,19,1,t|69,19,1,t|
[2024-12-07 15:45:09] => Generated at line [232] by [drone.c] with the following message: 34,1,-1,o|32,16,-1,o|53,2,-1,o|59,3,-1,o|16,25,-1,o|74,18,-1,o|7,3,-1,o|72,6,-1,o|41,3,-1,o|103,6,-1,o|38,22,-1,o|24,19,-1,o|69,19,-1,o|
[2024-12-07 15:45:09] => Generated at line [240] by [drone.c] with the following message: 34,1,1,t|32,16,1,t|53,2,1,t|59,3,1,t|16,25,1,t|74,18,1,t|7,3,1,t|72,6,1,t|41,3,1,t|103,6,1,t|38,22,1,t|24,19,1,t|69,19,1,t|
[2024-12-07 15:45:24] => Generated at line [106] by [server.c] with the following message: 39,26,1,t|59,14,1,t|40,20,1,t|88,9,1,t|9,22,1,t|89,23,1,t|89,14,1,t|99,5,1,t|51,16,1,t|28,11,1,t|71,15,1,t|46,11,1,t|57,17,1,t|
[2024-12-07 15:45:24] => Generated at line [240] by [drone.c] with the following message: 39,26,1,t|59,14,1,t|40,20,1,t|88,9,1,t|9,22,1,t|89,23,1,t|89,14,1,t|99,5,1,t|51,16,1,t|28,11,1,t|71,15,1,t|46,11,1,t|57,17,1,t|
[2024-12-07 15:45:24] => Generated at line [96] by [server.c] with the following message: 39,26,-1,o|59,14,-1,o|40,20,-1,o|88,9,-1,o|9,22,-1,o|89,23,-1,o|89,14,-1,o|99,5,-1,o|51,16,-1,o|28,11,-1,o|71,15,-1,o|46,11,-1,o|57,17,-1,o|
[2024-12-07 15:45:24] => Generated at line [232] by [drone.c] with the following message: 39,26,-1,o|59,14,-1,o|40,20,-1,o|88,9,-1,o|9,22,-1,o|89,23,-1,o|89,14,-1,o|99,5,-1,o|51,16,-1,o|28,11,-1,o|71,15,-1,o|46,11,-1,o|57,17,-1,o|
[2024-12-07 15:47:03] => Generated at line [194] by [map_window.c] with the following message: 27
[2024-12-07 15:47:06] => Generated at line [96] by [server.c] with the following message: 102,6,-1,o|22,8,-1,o|86,19,-1,o|61,13,-1,o|60,23,-1,o|43,14,-1,o|71,7,-1,o|36,6,-1,o|75,30,-1,o|83,8,-1,o|90,2,-1,o|96,29,-1,o|53,3,-1,o|
[2024-12-07 15:47:06] => Generated at line [107] by [server.c] with the following message: 102,6,1,t|22,8,1,t|86,19,1,t|61,13,1,t|60,23,1,t|43,14,1,t|71,7,1,t|36,6,1,t|75,30,1,t|83,8,1,t|90,2,1,t|96,29,1,t|53,3,1,t|
[2024-12-07 15:47:06] => Generated at line [232] by [drone.c] with the following message: 102,6,-1,o|22,8,-1,o|86,19,-1,o|61,13,-1,o|60,23,-1,o|43,14,-1,o|71,7,-1,o|36,6,-1,o|75,30,-1,o|83,8,-1,o|90,2,-1,o|96,29,-1,o|53,3,-1,o|
[2024-12-07 15:47:06] => Generated at line [240] by [drone.c] with the following message: 102,6,1,t|22,8,1,t|86,19,1,t|61,13,1,t|60,23,1,t|43,14,1,t|71,7,1,t|36,6,1,t|75,30,1,t|83,8,1,t|90,2,1,t|96,29,1,t|53,3,1,t|
[2024-12-07 15:48:49] => Generated at line [194] by [map_window.c] with the following message: 27
[2024-12-07 15:48:52] => Generated at line [96] by [server.c] with the following message: 102,6,-1,o|22,8,-1,o|86,19,-1,o|61,13,-1,o|60,23,-1,o|43,14,-1,o|71,7,-1,o|36,6,-1,o|75,30,-1,o|83,8,-1,o|90,2,-1,o|96,29,-1,o|53,3,-1,o|
[2024-12-07 15:48:52] => Generated at line [107] by [server.c] with the following message: 102,6,1,t|22,8,1,t|86,19,1,t|61,13,1,t|60,23,1,t|43,14,1,t|71,7,1,t|36,6,1,t|75,30,1,t|83,8,1,t|90,2,1,t|96,29,1,t|53,3,1,t|
[2024-12-07 15:48:52] => Generated at line [232] by [drone.c] with the following message: 102,6,-1,o|22,8,-1,o|86,19,-1,o|61,13,-1,o|60,23,-1,o|43,14,-1,o|71,7,-1,o|36,6,-1,o|75,30,-1,o|83,8,-1,o|90,2,-1,o|96,29,-1,o|53,3,-1,o|
[2024-12-07 15:48:52] => Generated at line [240] by [drone.c] with the following message: 102,6,1,t|22,8,1,t|86,19,1,t|61,13,1,t|60,23,1,t|43,14,1,t|71,7,1,t|36,6,1,t|75,30,1,t|83,8,1,t|90,2,1,t|96,29,1,t|53,3,1,t|
[2024-12-07 15:49:07] => Generated at line [107] by [server.c] with the following message: 103,20,1,t|22,31,1,t|90,23,1,t|77,14,1,t|76,23,1,t|84,5,1,t|38,18,1,t|92,31,1,t|64,17,1,t|73,27,1,t|103,2,1,t|70,25,1,t|98,3,1,t|
[2024-12-07 15:49:07] => Generated at line [240] by [drone.c] with the following message: 103,20,1,t|22,31,1,t|90,23,1,t|77,14,1,t|76,23,1,t|84,5,1,t|38,18,1,t|92,31,1,t|64,17,1,t|73,27,1,t|103,2,1,t|70,25,1,t|98,3,1,t|
[2024-12-07 15:49:07] => Generated at line [96] by [server.c] with the following message: 103,20,-1,o|22,31,-1,o|90,23,-1,o|77,14,-1,o|76,23,-1,o|84,5,-1,o|38,18,-1,o|92,31,-1,o|64,17,-1,o|73,27,-1,o|103,2,-1,o|70,25,-1,o|98,3,-1,o|
[2024-12-07 15:49:07] => Generated at line [232] by [drone.c] with the following message: 103,20,-1,o|22,31,-1,o|90,23,-1,o|77,14,-1,o|76,23,-1,o|84,5,-1,o|38,18,-1,o|92,31,-1,o|64,17,-1,o|73,27,-1,o|103,2,-1,o|70,25,-1,o|98,3,-1,o|
[2024-12-07 15:49:59] => Generated at line [194] by [map_window.c] with the following message: 27
[2024-12-07 15:50:01] => Generated at line [96] by [server.c] with the following message: 102,6,-1,o|22,8,-1,o|86,19,-1,o|61,13,-1,o|60,23,-1,o|43,14,-1,o|71,7,-1,o|36,6,-1,o|75,30,-1,o|83,8,-1,o|90,2,-1,o|96,29,-1,o|53,3,-1,o|
[2024-12-07 15:50:01] => Generated at line [107] by [server.c] with the following message: 102,6,1,t|22,8,1,t|86,19,1,t|61,13,1,t|60,23,1,t|43,14,1,t|71,7,1,t|36,6,1,t|75,30,1,t|83,8,1,t|90,2,1,t|96,29,1,t|53,3,1,t|
[2024-12-07 15:50:01] => Generated at line [232] by [drone.c] with the following message: 102,6,-1,o|22,8,-1,o|86,19,-1,o|61,13,-1,o|60,23,-1,o|43,14,-1,o|71,7,-1,o|36,6,-1,o|75,30,-1,o|83,8,-1,o|90,2,-1,o|96,29,-1,o|53,3,-1,o|
[2024-12-07 15:50:01] => Generated at line [240] by [drone.c] with the following message: 102,6,1,t|22,8,1,t|86,19,1,t|61,13,1,t|60,23,1,t|43,14,1,t|71,7,1,t|36,6,1,t|75,30,1,t|83,8,1,t|90,2,1,t|96,29,1,t|53,3,1,t|
[2024-12-07 15:50:16] => Generated at line [107] by [server.c] with the following message: 103,20,1,t|22,31,1,t|90,23,1,t|77,14,1,t|76,23,1,t|84,5,1,t|38,18,1,t|92,31,1,t|64,17,1,t|73,27,1,t|103,2,1,t|70,25,1,t|98,3,1,t|
[2024-12-07 15:50:16] => Generated at line [240] by [drone.c] with the following message: 103,20,1,t|22,31,1,t|90,23,1,t|77,14,1,t|76,23,1,t|84,5,1,t|38,18,1,t|92,31,1,t|64,17,1,t|73,27,1,t|103,2,1,t|70,25,1,t|98,3,1,t|
[2024-12-07 15:50:16] => Generated at line [96] by [server.c] with the following message: 103,20,-1,o|22,31,-1,o|90,23,-1,o|77,14,-1,o|76,23,-1,o|84,5,-1,o|38,18,-1,o|92,31,-1,o|64,17,-1,o|73,27,-1,o|103,2,-1,o|70,25,-1,o|98,3,-1,o|
[2024-12-07 15:50:16] => Generated at line [232] by [drone.c] with the following message: 103,20,-1,o|22,31,-1,o|90,23,-1,o|77,14,-1,o|76,23,-1,o|84,5,-1,o|38,18,-1,o|92,31,-1,o|64,17,-1,o|73,27,-1,o|103,2,-1,o|70,25,-1,o|98,3,-1,o|
[2024-12-07 15:50:31] => Generated at line [107] by [server.c] with the following message: 8,21,1,t|31,22,1,t|79,1,1,t|55,2,1,t|26,22,1,t|75,5,1,t|1,19,1,t|9,3,1,t|32,26,1,t|47,13,1,t|51,16,1,t|105,27,1,t|61,16,1,t|
[2024-12-07 15:50:31] => Generated at line [240] by [drone.c] with the following message: 8,21,1,t|31,22,1,t|79,1,1,t|55,2,1,t|26,22,1,t|75,5,1,t|1,19,1,t|9,3,1,t|32,26,1,t|47,13,1,t|51,16,1,t|105,27,1,t|61,16,1,t|
[2024-12-07 15:50:31] => Generated at line [96] by [server.c] with the following message: 8,21,-1,o|31,22,-1,o|79,1,-1,o|55,2,-1,o|26,22,-1,o|75,5,-1,o|1,19,-1,o|9,3,-1,o|32,26,-1,o|47,13,-1,o|51,16,-1,o|105,27,-1,o|61,16,-1,o|
[2024-12-07 15:50:31] => Generated at line [232] by [drone.c] with the following message: 8,21,-1,o|31,22,-1,o|79,1,-1,o|55,2,-1,o|26,22,-1,o|75,5,-1,o|1,19,-1,o|9,3,-1,o|32,26,-1,o|47,13,-1,o|51,16,-1,o|105,27,-1,o|61,16,-1,o|
[2024-12-07 15:50:46] => Generated at line [96] by [server.c] with the following message: 90,1,-1,o|32,31,-1,o|77,1,-1,o|93,1,-1,o|24,10,-1,o|91,29,-1,o|91,1,-1,o|41,2,-1,o|38,19,-1,o|93,28,-1,o|51,8,-1,o|18,5,-1,o|67,12,-1,o|
[2024-12-07 15:50:46] => Generated at line [232] by [drone.c] with the following message: 90,1,-1,o|32,31,-1,o|77,1,-1,o|93,1,-1,o|24,10,-1,o|91,29,-1,o|91,1,-1,o|41,2,-1,o|38,19,-1,o|93,28,-1,o|51,8,-1,o|18,5,-1,o|67,12,-1,o|
[2024-12-07 15:50:46] => Generated at line [107] by [server.c] with the following message: 90,1,1,t|32,31,1,t|77,1,1,t|93,1,1,t|24,10,1,t|91,29,1,t|91,1,1,t|41,2,1,t|38,19,1,t|93,28,1,t|51,8,1,t|18,5,1,t|67,12,1,t|
[2024-12-07 15:50:46] => Generated at line [240] by [drone.c] with the following message: 90,1,1,t|32,31,1,t|77,1,1,t|93,1,1,t|24,10,1,t|91,29,1,t|91,1,1,t|41,2,1,t|38,19,1,t|93,28,1,t|51,8,1,t|18,5,1,t|67,12,1,t|
[2024-12-07 15:51:01] => Generated at line [96] by [server.c] with the following message: 58,16,-1,o|12,27,-1,o|50,28,-1,o|37,3,-1,o|34,27,-1,o|77,14,-1,o|72,20,-1,o|43,28,-1,o|103,30,-1,o|98,1,-1,o|44,29,-1,o|4,16,-1,o|2,3,-1,o|
[2024-12-07 15:51:01] => Generated at line [232] by [drone.c] with the following message: 58,16,-1,o|12,27,-1,o|50,28,-1,o|37,3,-1,o|34,27,-1,o|77,14,-1,o|72,20,-1,o|43,28,-1,o|103,30,-1,o|98,1,-1,o|44,29,-1,o|4,16,-1,o|2,3,-1,o|
[2024-12-07 15:51:01] => Generated at line [107] by [server.c] with the following message: 58,16,1,t|12,27,1,t|50,28,1,t|37,3,1,t|34,27,1,t|77,14,1,t|72,20,1,t|43,28,1,t|103,30,1,t|98,1,1,t|44,29,1,t|4,16,1,t|2,3,1,t|
[2024-12-07 15:51:01] => Generated at line [240] by [drone.c] with the following message: 58,16,1,t|12,27,1,t|50,28,1,t|37,3,1,t|34,27,1,t|77,14,1,t|72,20,1,t|43,28,1,t|103,30,1,t|98,1,1,t|44,29,1,t|4,16,1,t|2,3,1,t|
[2024-12-07 15:51:16] => Generated at line [96] by [server.c] with the following message: 6,9,-1,o|2,8,-1,o|45,25,-1,o|21,22,-1,o|104,19,-1,o|9,13,-1,o|3,13,-1,o|104,20,-1,o|93,2,-1,o|73,16,-1,o|51,23,-1,o|15,20,-1,o|33,9,-1,o|
[2024-12-07 15:51:16] => Generated at line [107] by [server.c] with the following message: 6,9,1,t|2,8,1,t|45,25,1,t|21,22,1,t|104,19,1,t|9,13,1,t|3,13,1,t|104,20,1,t|93,2,1,t|73,16,1,t|51,23,1,t|15,20,1,t|33,9,1,t|
[2024-12-07 15:51:16] => Generated at line [232] by [drone.c] with the following message: 6,9,-1,o|2,8,-1,o|45,25,-1,o|21,22,-1,o|104,19,-1,o|9,13,-1,o|3,13,-1,o|104,20,-1,o|93,2,-1,o|73,16,-1,o|51,23,-1,o|15,20,-1,o|33,9,-1,o|
[2024-12-07 15:51:16] => Generated at line [240] by [drone.c] with the following message: 6,9,1,t|2,8,1,t|45,25,1,t|21,22,1,t|104,19,1,t|9,13,1,t|3,13,1,t|104,20,1,t|93,2,1,t|73,16,1,t|51,23,1,t|15,20,1,t|33,9,1,t|
[2024-12-07 15:51:31] => Generated at line [96] by [server.c] with the following message: 29,4,-1,o|46,6,-1,o|48,15,-1,o|7,11,-1,o|48,30,-1,o|34,10,-1,o|1,19,-1,o|65,4,-1,o|22,15,-1,o|82,4,-1,o|72,8,-1,o|88,9,-1,o|55,30,-1,o|
[2024-12-07 15:51:31] => Generated at line [107] by [server.c] with the following message: 29,4,1,t|46,6,1,t|48,15,1,t|7,11,1,t|48,30,1,t|34,10,1,t|1,19,1,t|65,4,1,t|22,15,1,t|82,4,1,t|72,8,1,t|88,9,1,t|55,30,1,t|
[2024-12-07 15:51:31] => Generated at line [232] by [drone.c] with the following message: 29,4,-1,o|46,6,-1,o|48,15,-1,o|7,11,-1,o|48,30,-1,o|34,10,-1,o|1,19,-1,o|65,4,-1,o|22,15,-1,o|82,4,-1,o|72,8,-1,o|88,9,-1,o|55,30,-1,o|
[2024-12-07 15:51:31] => Generated at line [240] by [drone.c] with the following message: 29,4,1,t|46,6,1,t|48,15,1,t|7,11,1,t|48,30,1,t|34,10,1,t|1,19,1,t|65,4,1,t|22,15,1,t|82,4,1,t|72,8,1,t|88,9,1,t|55,30,1,t|
[2024-12-07 15:51:46] => Generated at line [96] by [server.c] with the following message: 34,1,-1,o|32,16,-1,o|53,2,-1,o|59,3,-1,o|16,25,-1,o|74,18,-1,o|7,3,-1,o|72,6,-1,o|41,3,-1,o|103,6,-1,o|38,22,-1,o|24,19,-1,o|69,19,-1,o|
[2024-12-07 15:51:46] => Generated at line [107] by [server.c] with the following message: 34,1,1,t|32,16,1,t|53,2,1,t|59,3,1,t|16,25,1,t|74,18,1,t|7,3,1,t|72,6,1,t|41,3,1,t|103,6,1,t|38,22,1,t|24,19,1,t|69,19,1,t|
[2024-12-07 15:51:46] => Generated at line [232] by [drone.c] with the following message: 34,1,-1,o|32,16,-1,o|53,2,-1,o|59,3,-1,o|16,25,-1,o|74,18,-1,o|7,3,-1,o|72,6,-1,o|41,3,-1,o|103,6,-1,o|38,22,-1,o|24,19,-1,o|69,19,-1,o|
[2024-12-07 15:51:46] => Generated at line [240] by [drone.c] with the following message: 34,1,1,t|32,16,1,t|53,2,1,t|59,3,1,t|16,25,1,t|74,18,1,t|7,3,1,t|72,6,1,t|41,3,1,t|103,6,1,t|38,22,1,t|24,19,1,t|69,19,1,t|
[2024-12-07 15:52:01] => Generated at line [96] by [server.c] with the following message: 39,26,-1,o|59,14,-1,o|40,20,-1,o|88,9,-1,o|9,22,-1,o|89,23,-1,o|89,14,-1,o|99,5,-1,o|51,16,-1,o|28,11,-1,o|71,15,-1,o|46,11,-1,o|57,17,-1,o|
[2024-12-07 15:52:01] => Generated at line [107] by [server.c] with the following message: 39,26,1,t|59,14,1,t|40,20,1,t|88,9,1,t|9,22,1,t|89,23,1,t|89,14,1,t|99,5,1,t|51,16,1,t|28,11,1,t|71,15,1,t|46,11,1,t|57,17,1,t|
[2024-12-07 15:52:01] => Generated at line [232] by [drone.c] with the following message: 39,26,-1,o|59,14,-1,o|40,20,-1,o|88,9,-1,o|9,22,-1,o|89,23,-1,o|89,14,-1,o|99,5,-1,o|51,16,-1,o|28,11,-1,o|71,15,-1,o|46,11,-1,o|57,17,-1,o|
[2024-12-07 15:52:01] => Generated at line [240] by [drone.c] with the following message: 39,26,1,t|59,14,1,t|40,20,1,t|88,9,1,t|9,22,1,t|89,23,1,t|89,14,1,t|99,5,1,t|51,16,1,t|28,11,1,t|71,15,1,t|46,11,1,t|57,17,1,t|
[2024-12-07 15:53:00] => Generated at line [194] by [map_window.c] with the following message: 27
[2024-12-07 15:53:03] => Generated at line [97] by [server.c] with the following message: 102,6,-1,o|22,8,-1,o|86,19,-1,o|61,13,-1,o|60,23,-1,o|43,14,-1,o|71,7,-1,o|36,6,-1,o|75,30,-1,o|83,8,-1,o|90,2,-1,o|96,29,-1,o|53,3,-1,o|
[2024-12-07 15:53:03] => Generated at line [108] by [server.c] with the following message: 102,6,1,t|22,8,1,t|86,19,1,t|61,13,1,t|60,23,1,t|43,14,1,t|71,7,1,t|36,6,1,t|75,30,1,t|83,8,1,t|90,2,1,t|96,29,1,t|53,3,1,t|
[2024-12-07 15:53:03] => Generated at line [232] by [drone.c] with the following message: 102,6,-1,o|22,8,-1,o|86,19,-1,o|61,13,-1,o|60,23,-1,o|43,14,-1,o|71,7,-1,o|36,6,-1,o|75,30,-1,o|83,8,-1,o|90,2,-1,o|96,29,-1,o|53,3,-1,o|
[2024-12-07 15:53:03] => Generated at line [240] by [drone.c] with the following message: 102,6,1,t|22,8,1,t|86,19,1,t|61,13,1,t|60,23,1,t|43,14,1,t|71,7,1,t|36,6,1,t|75,30,1,t|83,8,1,t|90,2,1,t|96,29,1,t|53,3,1,t|
[2024-12-07 15:53:18] => Generated at line [108] by [server.c] with the following message: 103,20,1,t|22,31,1,t|90,23,1,t|77,14,1,t|76,23,1,t|84,5,1,t|38,18,1,t|92,31,1,t|64,17,1,t|73,27,1,t|103,2,1,t|70,25,1,t|98,3,1,t|
[2024-12-07 15:53:18] => Generated at line [97] by [server.c] with the following message: 103,20,-1,o|22,31,-1,o|90,23,-1,o|77,14,-1,o|76,23,-1,o|84,5,-1,o|38,18,-1,o|92,31,-1,o|64,17,-1,o|73,27,-1,o|103,2,-1,o|70,25,-1,o|98,3,-1,o|
[2024-12-07 15:53:18] => Generated at line [232] by [drone.c] with the following message: 103,20,-1,o|22,31,-1,o|90,23,-1,o|77,14,-1,o|76,23,-1,o|84,5,-1,o|38,18,-1,o|92,31,-1,o|64,17,-1,o|73,27,-1,o|103,2,-1,o|70,25,-1,o|98,3,-1,o|
[2024-12-07 15:53:18] => Generated at line [240] by [drone.c] with the following message: 103,20,1,t|22,31,1,t|90,23,1,t|77,14,1,t|76,23,1,t|84,5,1,t|38,18,1,t|92,31,1,t|64,17,1,t|73,27,1,t|103,2,1,t|70,25,1,t|98,3,1,t|
[2024-12-07 15:53:18] => Generated at line [27] by [watchdog.c] with the following message: Error sending signal SIGUSR2 kill to the SERVER
[2024-12-07 15:53:29] => Generated at line [194] by [map_window.c] with the following message: 27
[2024-12-07 15:53:31] => Generated at line [97] by [server.c] with the following message: 102,6,-1,o|22,8,-1,o|86,19,-1,o|61,13,-1,o|60,23,-1,o|43,14,-1,o|71,7,-1,o|36,6,-1,o|75,30,-1,o|83,8,-1,o|90,2,-1,o|96,29,-1,o|53,3,-1,o|
[2024-12-07 15:53:31] => Generated at line [108] by [server.c] with the following message: 102,6,1,t|22,8,1,t|86,19,1,t|61,13,1,t|60,23,1,t|43,14,1,t|71,7,1,t|36,6,1,t|75,30,1,t|83,8,1,t|90,2,1,t|96,29,1,t|53,3,1,t|
[2024-12-07 15:53:31] => Generated at line [232] by [drone.c] with the following message: 102,6,-1,o|22,8,-1,o|86,19,-1,o|61,13,-1,o|60,23,-1,o|43,14,-1,o|71,7,-1,o|36,6,-1,o|75,30,-1,o|83,8,-1,o|90,2,-1,o|96,29,-1,o|53,3,-1,o|
[2024-12-07 15:53:31] => Generated at line [240] by [drone.c] with the following message: 102,6,1,t|22,8,1,t|86,19,1,t|61,13,1,t|60,23,1,t|43,14,1,t|71,7,1,t|36,6,1,t|75,30,1,t|83,8,1,t|90,2,1,t|96,29,1,t|53,3,1,t|
[2024-12-07 15:53:46] => Generated at line [97] by [server.c] with the following message: 103,20,-1,o|22,31,-1,o|90,23,-1,o|77,14,-1,o|76,23,-1,o|84,5,-1,o|38,18,-1,o|92,31,-1,o|64,17,-1,o|73,27,-1,o|103,2,-1,o|70,25,-1,o|98,3,-1,o|
[2024-12-07 15:53:46] => Generated at line [108] by [server.c] with the following message: 103,20,1,t|22,31,1,t|90,23,1,t|77,14,1,t|76,23,1,t|84,5,1,t|38,18,1,t|92,31,1,t|64,17,1,t|73,27,1,t|103,2,1,t|70,25,1,t|98,3,1,t|
[2024-12-07 15:53:46] => Generated at line [232] by [drone.c] with the following message: 103,20,-1,o|22,31,-1,o|90,23,-1,o|77,14,-1,o|76,23,-1,o|84,5,-1,o|38,18,-1,o|92,31,-1,o|64,17,-1,o|73,27,-1,o|103,2,-1,o|70,25,-1,o|98,3,-1,o|
[2024-12-07 15:53:46] => Generated at line [240] by [drone.c] with the following message: 103,20,1,t|22,31,1,t|90,23,1,t|77,14,1,t|76,23,1,t|84,5,1,t|38,18,1,t|92,31,1,t|64,17,1,t|73,27,1,t|103,2,1,t|70,25,1,t|98,3,1,t|
